this derivation will be built:
  /nix/store/3j0ggx8pq6jrvxxrsx55fg54864dj3z8-graph-refine-wip2.drv
building '/nix/store/3j0ggx8pq6jrvxxrsx55fg54864dj3z8-graph-refine-wip2.drv'...
Loading syntax from ./CFunctions.txt
Loaded 835 functions, 75 structs, 0 globals.
Loading syntax from ./ASMFunctions.txt
Missing nodes after calls to instruction'isb_sy_E0000944
  in ['fpsimd_HWCapTest']
Missing nodes after calls to restore_user_context
  in ['c_handle_data_fault', 'c_handle_undefined_instruction', 'c_handle_interrupt']
Missing nodes after calls to halt
  in ['handleReply', 'Arch_createObject', 'completeSignal', 'unmapPage', 'doFlush', 'maskCapRights', 'APFromVMRights', 'decodeInvocation', 'Arch_setMRs_fault', 'handleInterrupt', 'Arch_deriveCap', 'invokeCNodeSaveCaller', 'handleFaultReply', 'handleSyscall', 'arm_reset_exception', 'createObject', 'Arch_handleFaultReply', 'init_kernel']
Missing nodes after calls to idle_thread
  in ['halt']
Missing nodes after calls to instruction'ldr_pc_pc_20_e0010038_arm_vector_table_0x38_E001001C
  in ['arm_vector_table']
Warning: dead arc in c_handle_syscall: 19 -> 3758164032
  (follows Basic node!)
Warning: dead arc in c_handle_syscall: 21 -> 3758164032
  (follows Basic node!)
Warning: dead arc in arm_fiq_exception: 7 -> 3758162208
  (follows Basic node!)
Warning: dead arc in arm_fiq_exception: 9 -> 3758162208
  (follows Basic node!)
Warning: dead arc in c_handle_instruction_fault: 3758162396 -> 3758162400
  (follows Basic node!)
Warning: dead arc in _start: 3758096388 -> 3758096392
  (follows Basic node!)
Loaded 481 functions, 0 structs, 0 globals.
Pseudo-Compiling.
Doing stack/inst logic.
Warning: asm instruction name: formatting: "asm_instruction'.word_0xeef00a10__\\nmov_%0,_r0________\\n"
Warning: asm instruction name: formatting: "asm_instruction'.word_0xeef00a10__\\nmov_%0,_r0________\\n"
Function 'init_kernel' contains unhandled instructions:
  ["instruction'vmrs_r3_fpexc_E0003ED4", "instruction'vmsr_fpexc_r3_E0003EDC"]
Function 'Arch_switchToThread' contains unhandled instructions:
  ["instruction'strex_r0_r1_r3_E001117C"]
Function 'Kernel_C.fpsimd_HWCapTest' contains unhandled instructions:
  ["asm_instruction'.word_0xeef00a10__\\nmov_%0,_r0________\\n"]
Function 'arm_vector_table' contains unhandled instructions:
  ["instruction'ldr_pc_pc_24_e0010020_arm_vector_table_0x20_E0010000", "instruction'ldr_pc_pc_24_e001002c_arm_vector_table_0x2c_E001000C", "instruction'ldr_pc_pc_20_e0010038_arm_vector_table_0x38_E001001C", "instruction'ldr_pc_pc_24_e0010024_arm_vector_table_0x24_E0010004", "instruction'ldr_pc_pc_24_e0010030_arm_vector_table_0x30_E0010010", "instruction'ldr_pc_pc_24_e0010028_arm_vector_table_0x28_E0010008", "instruction'ldr_pc_pc_20_e0010034_arm_vector_table_0x34_E0010018", "instruction'ldr_pc_pc_4_e0010020_arm_vector_table_0x20_E0010014"]
Function 'arm_undefined_inst_exception' contains unhandled instructions:
  ["instruction'cps_19_E0010040", "instruction'srsia_sp_19_E001003C", "instruction'stmdb_sp_r0_r1_r2_r3_r4_r5_r6_r7_r8_r9_sl_fp_ip_sp_lr_E0010044"]
Function 'arm_data_abort_exception' contains unhandled instructions:
  ["instruction'cps_19_E00100BC", "instruction'stmdb_sp_r0_r1_r2_r3_r4_r5_r6_r7_r8_r9_sl_fp_ip_sp_lr_E00100C0", "instruction'srsia_sp_19_E00100B8"]
Function 'Kernel_C.supportsAsyncExceptions' contains unhandled instructions:
  ["asm_instruction'.fpu_vfp\\nvmsr_fpexc,_%0", "asm_instruction'.fpu_vfp\\nvmrs_%0,_fpexc"]
Function 'Kernel_C.clearEnFPEXC' contains unhandled instructions:
  ["asm_instruction'.fpu_vfp\\nvmsr_fpexc,_%0", "asm_instruction'.fpu_vfp\\nvmrs_%0,_fpexc"]
Function 'arm_irq_exception' contains unhandled instructions:
  ["instruction'stmdb_sp_r0_r1_r2_r3_r4_r5_r6_r7_r8_r9_sl_fp_ip_sp_lr_E00100F4", "instruction'cps_19_E00100F0", "instruction'srsia_sp_19_E00100EC"]
Function 'fpsimd_HWCapTest' contains unhandled instructions:
  ["instruction'vmrs_r3_fpexc_E0000958", "instruction'vmrs_r3_fpexc_E0000964", "instruction'vmsr_fpexc_r3_E0000960"]
Function '_start' contains unhandled instructions:
  ["instruction'cps_23_E0000034", "instruction'cps_19_E000003C"]
Function 'arm_prefetch_abort_exception' contains unhandled instructions:
  ["instruction'cps_19_E001008C", "instruction'stmdb_sp_r0_r1_r2_r3_r4_r5_r6_r7_r8_r9_sl_fp_ip_sp_lr_E0010090", "instruction'srsia_sp_19_E0010088"]
Function 'halt' contains unhandled instructions:
  ["instruction'cpsid_aif_E0010908"]
Checking.
Checking 27 function pair problems
Testing Function pair Pairing (c_handle_instruction_fault (ASM) <= Kernel_C.c_handle_instruction_fault (C))
  (function pairing 1 of 27)
Aborting Problem (Pairing (c_handle_instruction_fault (ASM) <= Kernel_C.c_handle_instruction_fault (C))): underspecified Kernel_C.StrictC'__builtin_unreachable
Result ProblemAbort for pair Pairing (c_handle_instruction_fault (ASM) <= Kernel_C.c_handle_instruction_fault (C)), time taken: 0.00s
Testing Function pair Pairing (c_handle_undefined_instruction (ASM) <= Kernel_C.c_handle_undefined_instruction (C))
  (function pairing 2 of 27)
Aborting Problem (Pairing (c_handle_undefined_instruction (ASM) <= Kernel_C.c_handle_undefined_instruction (C))): underspecified Kernel_C.StrictC'__builtin_unreachable
Result ProblemAbort for pair Pairing (c_handle_undefined_instruction (ASM) <= Kernel_C.c_handle_undefined_instruction (C)), time taken: 0.00s
Testing Function pair Pairing (l_impl'wfi (ASM) <= r_impl'wfi (C))
  (function pairing 3 of 27)
Skipping Pairing (l_impl'wfi (ASM) <= r_impl'wfi (C)), underspecified C
Testing Function pair Pairing (merge_regions (ASM) <= Kernel_C.merge_regions (C))
  (function pairing 4 of 27)
Aborting Problem (Pairing (merge_regions (ASM) <= Kernel_C.merge_regions (C))), complex loop
Result ProblemAbort for pair Pairing (merge_regions (ASM) <= Kernel_C.merge_regions (C)), time taken: 0.59s
Testing Function pair Pairing (invokeTCB_WriteRegisters (ASM) <= Kernel_C.invokeTCB_WriteRegisters (C))
  (function pairing 5 of 27)
 .. built problem, finding proof
Discovered a loop relation for split points [63, 36]
  (in problem)
Now doing proof search in 63 init case in problem.
Discovered that points [13 (loop head)] can be bounded
  (in 63 init case in problem)
Discovered that points [148 (loop head)] can be bounded
  (in 63 init case in problem)
Now doing proof search in 63 loop case in problem.
Traceback (most recent call last):
  File "/nix/store/b1d0dhfk83ravfjf7hhzpp4kynmmkyh1-source/graph-refine.py", line 69, in toplevel_check
    proof = search.build_proof (p)
  File "/nix/store/b1d0dhfk83ravfjf7hhzpp4kynmmkyh1-source/search.py", line 56, in build_proof
    proof = build_proof_rec (default_searcher, p, (), list (init_hyps))
  File "/nix/store/b1d0dhfk83ravfjf7hhzpp4kynmmkyh1-source/search.py", line 1738, in build_proof_rec
    p, restrs, hyps, name = name)
  File "/nix/store/b1d0dhfk83ravfjf7hhzpp4kynmmkyh1-source/search.py", line 1774, in build_proof_rec_with_restrs
    searcher, p, restrs, hyps, name = name)
  File "/nix/store/b1d0dhfk83ravfjf7hhzpp4kynmmkyh1-source/search.py", line 1774, in build_proof_rec_with_restrs
    searcher, p, restrs, hyps, name = name)
  File "/nix/store/b1d0dhfk83ravfjf7hhzpp4kynmmkyh1-source/search.py", line 1745, in build_proof_rec_with_restrs
    return build_proof_rec (searcher, p, restrs, hyps, name = name)
  File "/nix/store/b1d0dhfk83ravfjf7hhzpp4kynmmkyh1-source/search.py", line 1701, in build_proof_rec
    (kind, details) = searcher (p, restrs, hyps)
  File "/nix/store/b1d0dhfk83ravfjf7hhzpp4kynmmkyh1-source/search.py", line 1840, in default_searcher
    (kind, split) = find_split_loop (p, n, restrs, hyps)
  File "/nix/store/b1d0dhfk83ravfjf7hhzpp4kynmmkyh1-source/search.py", line 678, in find_split_loop
    nec = get_necessary_split_opts (p, head, restrs, hyps)
  File "/nix/store/b1d0dhfk83ravfjf7hhzpp4kynmmkyh1-source/search.py", line 792, in get_necessary_split_opts
    for v in seq_eqs:
  File "/nix/store/b1d0dhfk83ravfjf7hhzpp4kynmmkyh1-source/search.py", line 909, in <genexpr>
    for m in [get_model (n, offs)]
  File "/nix/store/b1d0dhfk83ravfjf7hhzpp4kynmmkyh1-source/search.py", line 902, in get_model
    necessary_split_opts_trace.append ((n, kind, 'NoModel'))
NameError: global name 'kind' is not defined
Result ProofEXCEPT for pair Pairing (invokeTCB_WriteRegisters (ASM) <= Kernel_C.invokeTCB_WriteRegisters (C)), time taken: 178.08s
Testing Function pair Pairing (lockTLBEntryCritical (ASM) <= Kernel_C.lockTLBEntryCritical (C))
  (function pairing 6 of 27)
Skipping Pairing (lockTLBEntryCritical (ASM) <= Kernel_C.lockTLBEntryCritical (C)), underspecified C
Testing Function pair Pairing (c_handle_fastpath_call (ASM) <= Kernel_C.c_handle_fastpath_call (C))
  (function pairing 7 of 27)
Skipping Pairing (c_handle_fastpath_call (ASM) <= Kernel_C.c_handle_fastpath_call (C)), underspecified ASM
Testing Function pair Pairing (decodeARMMMUInvocation (ASM) <= Kernel_C.decodeARMMMUInvocation (C))
  (function pairing 8 of 27)
 .. built problem, finding proof

**************************************
FATAL ERROR
Broken pipe

**************************************

Decided to case split at (368, 'ASM')
  (in problem)
Now doing proof search in true case (368 visited) in problem.
Now doing proof search in false case (368 not visited) in problem.
Decided to case split at (367, 'ASM')
  (in false case (368 not visited) in problem)
Now doing proof search in true case (367 visited) in false case (368 not visited) in problem.
Now doing proof search in false case (367 not visited) in false case (368 not visited) in problem.
Decided to case split at (248, 'ASM')
  (in false case (367 not visited) in false case (368 not visited) in problem)
Now doing proof search in true case (248 visited) in false case (367 not visited) in false case (368 not visited) in problem.
Discovered that points [3213 (loop head)] can be bounded
  (in true case (248 visited) in false case (367 not visited) in false case (368 not visited) in problem)
Discovered that points [3164 (loop head)] can be bounded
  (in true case (248 visited) in false case (367 not visited) in false case (368 not visited) in problem)
Discovered that points [113 (loop head)] can be bounded
  (in true case (248 visited) in false case (367 not visited) in false case (368 not visited) in problem)
Discovered that points [3318 (loop head)] can be bounded
  (in true case (248 visited) in false case (367 not visited) in false case (368 not visited) in problem)
Discovered that points [3267 (loop head)] can be bounded
  (in true case (248 visited) in false case (367 not visited) in false case (368 not visited) in problem)
Result ProofNoSplit for pair Pairing (decodeARMMMUInvocation (ASM) <= Kernel_C.decodeARMMMUInvocation (C)), time taken: 1299.04s
Testing Function pair Pairing (l_impl'mcr (ASM) <= r_impl'mcr (C))
  (function pairing 9 of 27)
Skipping Pairing (l_impl'mcr (ASM) <= r_impl'mcr (C)), underspecified C
Testing Function pair Pairing (map_kernel_window (ASM) <= Kernel_C.map_kernel_window (C))
  (function pairing 10 of 27)
Aborting Problem (Pairing (map_kernel_window (ASM) <= Kernel_C.map_kernel_window (C))), complex loop
Result ProblemAbort for pair Pairing (map_kernel_window (ASM) <= Kernel_C.map_kernel_window (C)), time taken: 3.09s
Testing Function pair Pairing (fpsimd_HWCapTest (ASM) <= Kernel_C.fpsimd_HWCapTest (C))
  (function pairing 11 of 27)
Aborting Problem (Pairing (fpsimd_HWCapTest (ASM) <= Kernel_C.fpsimd_HWCapTest (C))): underspecified asm_instruction'.word_0xeef00a10__\nmov_%0,_r0________\n
Result ProblemAbort for pair Pairing (fpsimd_HWCapTest (ASM) <= Kernel_C.fpsimd_HWCapTest (C)), time taken: 0.01s
Testing Function pair Pairing (create_kernel_untypeds (ASM) <= Kernel_C.create_kernel_untypeds (C))
  (function pairing 12 of 27)
 .. built problem, finding proof
Discovered that points [82 (loop head)] can be bounded
  (in problem)
Traceback (most recent call last):
  File "/nix/store/b1d0dhfk83ravfjf7hhzpp4kynmmkyh1-source/graph-refine.py", line 69, in toplevel_check
    proof = search.build_proof (p)
  File "/nix/store/b1d0dhfk83ravfjf7hhzpp4kynmmkyh1-source/search.py", line 56, in build_proof
    proof = build_proof_rec (default_searcher, p, (), list (init_hyps))
  File "/nix/store/b1d0dhfk83ravfjf7hhzpp4kynmmkyh1-source/search.py", line 1712, in build_proof_rec
    searcher, p, restrs, hyps, name = name)
  File "/nix/store/b1d0dhfk83ravfjf7hhzpp4kynmmkyh1-source/search.py", line 1756, in build_proof_rec_with_restrs
    kind, must_find = must_find)
  File "/nix/store/b1d0dhfk83ravfjf7hhzpp4kynmmkyh1-source/search.py", line 1785, in get_proof_split_limit
    hints = [limit, limit + 1], use_rep = mk_graph_slice (p))
  File "/nix/store/b1d0dhfk83ravfjf7hhzpp4kynmmkyh1-source/search.py", line 113, in find_split_limit
    assert not 'split limit found'
AssertionError
Result ProofEXCEPT for pair Pairing (create_kernel_untypeds (ASM) <= Kernel_C.create_kernel_untypeds (C)), time taken: 26.05s
Testing Function pair Pairing (clean_D_PoU (ASM) <= Kernel_C.clean_D_PoU (C))
  (function pairing 13 of 27)
Aborting Problem (Pairing (clean_D_PoU (ASM) <= Kernel_C.clean_D_PoU (C))), complex loop
Result ProblemAbort for pair Pairing (clean_D_PoU (ASM) <= Kernel_C.clean_D_PoU (C)), time taken: 16.54s
Testing Function pair Pairing (cleanInvalidate_L1D (ASM) <= Kernel_C.cleanInvalidate_L1D (C))
  (function pairing 14 of 27)
Aborting Problem (Pairing (cleanInvalidate_L1D (ASM) <= Kernel_C.cleanInvalidate_L1D (C))), complex loop
Result ProblemAbort for pair Pairing (cleanInvalidate_L1D (ASM) <= Kernel_C.cleanInvalidate_L1D (C)), time taken: 1.17s
Testing Function pair Pairing (cleanInvalidate_D_PoC (ASM) <= Kernel_C.cleanInvalidate_D_PoC (C))
  (function pairing 15 of 27)
Aborting Problem (Pairing (cleanInvalidate_D_PoC (ASM) <= Kernel_C.cleanInvalidate_D_PoC (C))), complex loop
Result ProblemAbort for pair Pairing (cleanInvalidate_D_PoC (ASM) <= Kernel_C.cleanInvalidate_D_PoC (C)), time taken: 18.17s
Testing Function pair Pairing (c_handle_data_fault (ASM) <= Kernel_C.c_handle_data_fault (C))
  (function pairing 16 of 27)
Aborting Problem (Pairing (c_handle_data_fault (ASM) <= Kernel_C.c_handle_data_fault (C))): underspecified Kernel_C.StrictC'__builtin_unreachable
Result ProblemAbort for pair Pairing (c_handle_data_fault (ASM) <= Kernel_C.c_handle_data_fault (C)), time taken: 0.00s
Testing Function pair Pairing (l_impl'isb (ASM) <= r_impl'isb (C))
  (function pairing 17 of 27)
Skipping Pairing (l_impl'isb (ASM) <= r_impl'isb (C)), underspecified C
Testing Function pair Pairing (l_impl'dmb (ASM) <= r_impl'dmb (C))
  (function pairing 18 of 27)
Skipping Pairing (l_impl'dmb (ASM) <= r_impl'dmb (C)), underspecified C
Testing Function pair Pairing (restore_user_context (ASM) <= Kernel_C.restore_user_context (C))
  (function pairing 19 of 27)
Skipping Pairing (restore_user_context (ASM) <= Kernel_C.restore_user_context (C)), underspecified C
Testing Function pair Pairing (init_freemem (ASM) <= Kernel_C.init_freemem (C))
  (function pairing 20 of 27)
Traceback (most recent call last):
  File "/nix/store/b1d0dhfk83ravfjf7hhzpp4kynmmkyh1-source/graph-refine.py", line 55, in toplevel_check
    p = check.build_problem (pair)
  File "/nix/store/b1d0dhfk83ravfjf7hhzpp4kynmmkyh1-source/check.py", line 39, in build_problem
    skip_underspec = avoid_abort)
  File "/nix/store/b1d0dhfk83ravfjf7hhzpp4kynmmkyh1-source/check.py", line 79, in inline_reachable_unmatched_C
    skip_underspec = skip_underspec)
  File "/nix/store/b1d0dhfk83ravfjf7hhzpp4kynmmkyh1-source/check.py", line 101, in inline_reachable_unmatched
    r = rep.get_node_pc_env ((n, limits))
  File "/nix/store/b1d0dhfk83ravfjf7hhzpp4kynmmkyh1-source/rep_graph.py", line 374, in get_node_pc_env
    pc_env = self.get_node_pc_env_raw ((n, vcount), tag)
  File "/nix/store/b1d0dhfk83ravfjf7hhzpp4kynmmkyh1-source/rep_graph.py", line 535, in get_node_pc_env_raw
    (n, vcount))]
  File "/nix/store/b1d0dhfk83ravfjf7hhzpp4kynmmkyh1-source/rep_graph.py", line 584, in get_arc_pc_envs
    for pc_env in self.get_arc_pc_envs (n, spec)]
  File "/nix/store/b1d0dhfk83ravfjf7hhzpp4kynmmkyh1-source/rep_graph.py", line 578, in get_arc_pc_envs
    for n_vc in prevs]
  File "/nix/store/b1d0dhfk83ravfjf7hhzpp4kynmmkyh1-source/rep_graph.py", line 598, in get_arc_pc_env
    if self.get_node_pc_env ((n, vcount), request = False) == None:
  File "/nix/store/b1d0dhfk83ravfjf7hhzpp4kynmmkyh1-source/rep_graph.py", line 372, in get_node_pc_env
    self.warm_pc_env_cache ((n, vcount), tag)
  File "/nix/store/b1d0dhfk83ravfjf7hhzpp4kynmmkyh1-source/rep_graph.py", line 410, in warm_pc_env_cache
    self.get_node_pc_env (n_vc, tag, request = False)
  File "/nix/store/b1d0dhfk83ravfjf7hhzpp4kynmmkyh1-source/rep_graph.py", line 374, in get_node_pc_env
    pc_env = self.get_node_pc_env_raw ((n, vcount), tag)
  File "/nix/store/b1d0dhfk83ravfjf7hhzpp4kynmmkyh1-source/rep_graph.py", line 535, in get_node_pc_env_raw
    (n, vcount))]
  File "/nix/store/b1d0dhfk83ravfjf7hhzpp4kynmmkyh1-source/rep_graph.py", line 578, in get_arc_pc_envs
    for n_vc in prevs]
  File "/nix/store/b1d0dhfk83ravfjf7hhzpp4kynmmkyh1-source/rep_graph.py", line 598, in get_arc_pc_env
    if self.get_node_pc_env ((n, vcount), request = False) == None:
  File "/nix/store/b1d0dhfk83ravfjf7hhzpp4kynmmkyh1-source/rep_graph.py", line 374, in get_node_pc_env
    pc_env = self.get_node_pc_env_raw ((n, vcount), tag)
  File "/nix/store/b1d0dhfk83ravfjf7hhzpp4kynmmkyh1-source/rep_graph.py", line 535, in get_node_pc_env_raw
    (n, vcount))]
  File "/nix/store/b1d0dhfk83ravfjf7hhzpp4kynmmkyh1-source/rep_graph.py", line 578, in get_arc_pc_envs
    for n_vc in prevs]
  File "/nix/store/b1d0dhfk83ravfjf7hhzpp4kynmmkyh1-source/rep_graph.py", line 598, in get_arc_pc_env
    if self.get_node_pc_env ((n, vcount), request = False) == None:
  File "/nix/store/b1d0dhfk83ravfjf7hhzpp4kynmmkyh1-source/rep_graph.py", line 374, in get_node_pc_env
    pc_env = self.get_node_pc_env_raw ((n, vcount), tag)
  File "/nix/store/b1d0dhfk83ravfjf7hhzpp4kynmmkyh1-source/rep_graph.py", line 535, in get_node_pc_env_raw
    (n, vcount))]
  File "/nix/store/b1d0dhfk83ravfjf7hhzpp4kynmmkyh1-source/rep_graph.py", line 584, in get_arc_pc_envs
    for pc_env in self.get_arc_pc_envs (n, spec)]
  File "/nix/store/b1d0dhfk83ravfjf7hhzpp4kynmmkyh1-source/rep_graph.py", line 584, in get_arc_pc_envs
    for pc_env in self.get_arc_pc_envs (n, spec)]
  File "/nix/store/b1d0dhfk83ravfjf7hhzpp4kynmmkyh1-source/rep_graph.py", line 584, in get_arc_pc_envs
    for pc_env in self.get_arc_pc_envs (n, spec)]
  File "/nix/store/b1d0dhfk83ravfjf7hhzpp4kynmmkyh1-source/rep_graph.py", line 584, in get_arc_pc_envs
    for pc_env in self.get_arc_pc_envs (n, spec)]
  File "/nix/store/b1d0dhfk83ravfjf7hhzpp4kynmmkyh1-source/rep_graph.py", line 584, in get_arc_pc_envs
    for pc_env in self.get_arc_pc_envs (n, spec)]
  File "/nix/store/b1d0dhfk83ravfjf7hhzpp4kynmmkyh1-source/rep_graph.py", line 578, in get_arc_pc_envs
    for n_vc in prevs]
  File "/nix/store/b1d0dhfk83ravfjf7hhzpp4kynmmkyh1-source/rep_graph.py", line 598, in get_arc_pc_env
    if self.get_node_pc_env ((n, vcount), request = False) == None:
  File "/nix/store/b1d0dhfk83ravfjf7hhzpp4kynmmkyh1-source/rep_graph.py", line 372, in get_node_pc_env
    self.warm_pc_env_cache ((n, vcount), tag)
  File "/nix/store/b1d0dhfk83ravfjf7hhzpp4kynmmkyh1-source/rep_graph.py", line 410, in warm_pc_env_cache
    self.get_node_pc_env (n_vc, tag, request = False)
  File "/nix/store/b1d0dhfk83ravfjf7hhzpp4kynmmkyh1-source/rep_graph.py", line 374, in get_node_pc_env
    pc_env = self.get_node_pc_env_raw ((n, vcount), tag)
  File "/nix/store/b1d0dhfk83ravfjf7hhzpp4kynmmkyh1-source/rep_graph.py", line 558, in get_node_pc_env_raw
    env[(nm, typ)], typ)
  File "/nix/store/b1d0dhfk83ravfjf7hhzpp4kynmmkyh1-source/rep_graph.py", line 567, in contract
    name = self.solv.add_def (name, mk_smt_expr (val, typ), {})
  File "/nix/store/b1d0dhfk83ravfjf7hhzpp4kynmmkyh1-source/solver.py", line 933, in add_def
    self.send ('(define-fun %s () %s %s)' % (name, typ, smt))
  File "/nix/store/b1d0dhfk83ravfjf7hhzpp4kynmmkyh1-source/solver.py", line 838, in send
    self.solver_loop (lambda: self.send_inner (msg,
  File "/nix/store/b1d0dhfk83ravfjf7hhzpp4kynmmkyh1-source/solver.py", line 823, in solver_loop
    self.startup_solver ()
  File "/nix/store/b1d0dhfk83ravfjf7hhzpp4kynmmkyh1-source/solver.py", line 777, in startup_solver
    self.send (msg, replay=False)
  File "/nix/store/b1d0dhfk83ravfjf7hhzpp4kynmmkyh1-source/solver.py", line 838, in send
    self.solver_loop (lambda: self.send_inner (msg,
  File "/nix/store/b1d0dhfk83ravfjf7hhzpp4kynmmkyh1-source/solver.py", line 835, in solver_loop
    raise ConversationProblem (err[0], err[1])
ConversationProblem
Result ProofEXCEPT for pair Pairing (init_freemem (ASM) <= Kernel_C.init_freemem (C)), time taken: 322.05s
Testing Function pair Pairing (init_kernel (ASM) <= Kernel_C.init_kernel (C))
  (function pairing 21 of 27)
Aborting Problem (Pairing (init_kernel (ASM) <= Kernel_C.init_kernel (C))): underspecified instruction'vmrs_r3_fpexc_E0003ED4
Result ProblemAbort for pair Pairing (init_kernel (ASM) <= Kernel_C.init_kernel (C)), time taken: 0.08s
Testing Function pair Pairing (l_impl'mrc (ASM) <= r_impl'mrc (C))
  (function pairing 22 of 27)
Skipping Pairing (l_impl'mrc (ASM) <= r_impl'mrc (C)), underspecified C
Testing Function pair Pairing (halt (ASM) <= Kernel_C.halt (C))
  (function pairing 23 of 27)
Skipping Pairing (halt (ASM) <= Kernel_C.halt (C)), underspecified C
Testing Function pair Pairing (Arch_switchToThread (ASM) <= Kernel_C.Arch_switchToThread (C))
  (function pairing 24 of 27)
Aborting Problem (Pairing (Arch_switchToThread (ASM) <= Kernel_C.Arch_switchToThread (C))): underspecified Kernel_C.clearExMonitor
Result ProblemAbort for pair Pairing (Arch_switchToThread (ASM) <= Kernel_C.Arch_switchToThread (C)), time taken: 0.00s
Testing Function pair Pairing (l_impl'dsb (ASM) <= r_impl'dsb (C))
  (function pairing 25 of 27)
Skipping Pairing (l_impl'dsb (ASM) <= r_impl'dsb (C)), underspecified C
Testing Function pair Pairing (slowpath (ASM) <= Kernel_C.slowpath (C))
  (function pairing 26 of 27)
Aborting Problem (Pairing (slowpath (ASM) <= Kernel_C.slowpath (C))): underspecified Kernel_C.StrictC'__builtin_unreachable
Result ProblemAbort for pair Pairing (slowpath (ASM) <= Kernel_C.slowpath (C)), time taken: 0.00s
Testing Function pair Pairing (c_handle_fastpath_reply_recv (ASM) <= Kernel_C.c_handle_fastpath_reply_recv (C))
  (function pairing 27 of 27)
Skipping Pairing (c_handle_fastpath_reply_recv (ASM) <= Kernel_C.c_handle_fastpath_reply_recv (C)), underspecified ASM
Results: [('Pairing (c_handle_instruction_fault (ASM) <= Kernel_C.c_handle_instruction_fault (C))', 'ProblemAbort'), ('Pairing (c_handle_undefined_instruction (ASM) <= Kernel_C.c_handle_undefined_instruction (C))', 'ProblemAbort'), ("Pairing (l_impl'wfi (ASM) <= r_impl'wfi (C))", 'None'), ('Pairing (merge_regions (ASM) <= Kernel_C.merge_regions (C))', 'ProblemAbort'), ('Pairing (invokeTCB_WriteRegisters (ASM) <= Kernel_C.invokeTCB_WriteRegisters (C))', 'ProofEXCEPT'), ('Pairing (lockTLBEntryCritical (ASM) <= Kernel_C.lockTLBEntryCritical (C))', 'None'), ('Pairing (c_handle_fastpath_call (ASM) <= Kernel_C.c_handle_fastpath_call (C))', 'None'), ('Pairing (decodeARMMMUInvocation (ASM) <= Kernel_C.decodeARMMMUInvocation (C))', 'ProofNoSplit'), ("Pairing (l_impl'mcr (ASM) <= r_impl'mcr (C))", 'None'), ('Pairing (map_kernel_window (ASM) <= Kernel_C.map_kernel_window (C))', 'ProblemAbort'), ('Pairing (fpsimd_HWCapTest (ASM) <= Kernel_C.fpsimd_HWCapTest (C))', 'ProblemAbort'), ('Pairing (create_kernel_untypeds (ASM) <= Kernel_C.create_kernel_untypeds (C))', 'ProofEXCEPT'), ('Pairing (clean_D_PoU (ASM) <= Kernel_C.clean_D_PoU (C))', 'ProblemAbort'), ('Pairing (cleanInvalidate_L1D (ASM) <= Kernel_C.cleanInvalidate_L1D (C))', 'ProblemAbort'), ('Pairing (cleanInvalidate_D_PoC (ASM) <= Kernel_C.cleanInvalidate_D_PoC (C))', 'ProblemAbort'), ('Pairing (c_handle_data_fault (ASM) <= Kernel_C.c_handle_data_fault (C))', 'ProblemAbort'), ("Pairing (l_impl'isb (ASM) <= r_impl'isb (C))", 'None'), ("Pairing (l_impl'dmb (ASM) <= r_impl'dmb (C))", 'None'), ('Pairing (restore_user_context (ASM) <= Kernel_C.restore_user_context (C))', 'None'), ('Pairing (init_freemem (ASM) <= Kernel_C.init_freemem (C))', 'ProofEXCEPT'), ('Pairing (init_kernel (ASM) <= Kernel_C.init_kernel (C))', 'ProblemAbort'), ("Pairing (l_impl'mrc (ASM) <= r_impl'mrc (C))", 'None'), ('Pairing (halt (ASM) <= Kernel_C.halt (C))', 'None'), ('Pairing (Arch_switchToThread (ASM) <= Kernel_C.Arch_switchToThread (C))', 'ProblemAbort'), ("Pairing (l_impl'dsb (ASM) <= r_impl'dsb (C))", 'None'), ('Pairing (slowpath (ASM) <= Kernel_C.slowpath (C))', 'ProblemAbort'), ('Pairing (c_handle_fastpath_reply_recv (ASM) <= Kernel_C.c_handle_fastpath_reply_recv (C))', 'None')]
Result summary:
  - 0 proofs checked
  - 23 proofs skipped
  - failures: ['Pairing (invokeTCB_WriteRegisters (ASM) <= Kernel_C.invokeTCB_WriteRegisters (C))', 'Pairing (decodeARMMMUInvocation (ASM) <= Kernel_C.decodeARMMMUInvocation (C))', 'Pairing (create_kernel_untypeds (ASM) <= Kernel_C.create_kernel_untypeds (C))', 'Pairing (init_freemem (ASM) <= Kernel_C.init_freemem (C))']
  - 255 pairings omitted: ['Pairing (get_avail_p_regs (ASM) <= Kernel_C.get_avail_p_regs (C))', 'Pairing (setupCallerCap (ASM) <= Kernel_C.setupCallerCap (C))', 'Pairing (suspend (ASM) <= Kernel_C.suspend (C))', 'Pairing (decodeSetSchedParams (ASM) <= Kernel_C.decodeSetSchedParams (C))', 'Pairing (ensureNoChildren (ASM) <= Kernel_C.ensureNoChildren (C))', 'Pairing (hasCancelSendRights (ASM) <= Kernel_C.hasCancelSendRights (C))', 'Pairing (activate_global_pd (ASM) <= Kernel_C.activate_global_pd (C))', 'Pairing (deriveCap (ASM) <= Kernel_C.deriveCap (C))', 'Pairing (deletedIRQHandler (ASM) <= Kernel_C.deletedIRQHandler (C))', 'Pairing (bi_finalise (ASM) <= Kernel_C.bi_finalise (C))', 'Pairing (APFromVMRights (ASM) <= Kernel_C.APFromVMRights (C))', 'Pairing (cancelIPC (ASM) <= Kernel_C.cancelIPC (C))', 'Pairing (decodeSetPriority (ASM) <= Kernel_C.decodeSetPriority (C))', 'Pairing (loadCapTransfer (ASM) <= Kernel_C.loadCapTransfer (C))', 'Pairing (cpu_iface_init (ASM) <= Kernel_C.cpu_iface_init (C))', 'Pairing (setMRs_fault (ASM) <= Kernel_C.setMRs_fault (C))', 'Pairing (handleInterruptEntry (ASM) <= Kernel_C.handleInterruptEntry (C))', 'Pairing (invokeCNodeRevoke (ASM) <= Kernel_C.invokeCNodeRevoke (C))', 'Pairing (cteDeleteOne (ASM) <= Kernel_C.cteDeleteOne (C))', 'Pairing (Arch_configureIdleThread (ASM) <= Kernel_C.Arch_configureIdleThread (C))', 'Pairing (Arch_getObjectSize (ASM) <= Kernel_C.Arch_getObjectSize (C))', 'Pairing (setThreadState (ASM) <= Kernel_C.setThreadState (C))', 'Pairing (slotCapLongRunningDelete (ASM) <= Kernel_C.slotCapLongRunningDelete (C))', 'Pairing (plat_cleanCache (ASM) <= Kernel_C.plat_cleanCache (C))', 'Pairing (Arch_deriveCap (ASM) <= Kernel_C.Arch_deriveCap (C))', 'Pairing (tcbSchedEnqueue (ASM) <= Kernel_C.tcbSchedEnqueue (C))', 'Pairing (isValidVTableRoot (ASM) <= Kernel_C.isValidVTableRoot (C))', 'Pairing (possibleSwitchTo (ASM) <= Kernel_C.possibleSwitchTo (C))', 'Pairing (deleteASIDPool (ASM) <= Kernel_C.deleteASIDPool (C))', 'Pairing (pageTableMapped (ASM) <= Kernel_C.pageTableMapped (C))', 'Pairing (strnlen (ASM) <= Kernel_C.strnlen (C))', 'Pairing (makeUserPDE (ASM) <= Kernel_C.makeUserPDE (C))', 'Pairing (getHWASID (ASM) <= Kernel_C.getHWASID (C))', 'Pairing (cpu_initLocalIRQController (ASM) <= Kernel_C.cpu_initLocalIRQController (C))', 'Pairing (memset (ASM) <= Kernel_C.memset (C))', 'Pairing (restart (ASM) <= Kernel_C.restart (C))', 'Pairing (Arch_performTransfer (ASM) <= Kernel_C.Arch_performTransfer (C))', 'Pairing (handleRecv (ASM) <= Kernel_C.handleRecv (C))', 'Pairing (arch_clean_invalidate_caches (ASM) <= Kernel_C.arch_clean_invalidate_caches (C))', 'Pairing (invokeCNodeInsert (ASM) <= Kernel_C.invokeCNodeInsert (C))', 'Pairing (isIRQActive (ASM) <= Kernel_C.isIRQActive (C))', 'Pairing (cleanInvalidateCacheRange_RAM (ASM) <= Kernel_C.cleanInvalidateCacheRange_RAM (C))', 'Pairing (armv_init_user_access (ASM) <= Kernel_C.armv_init_user_access (C))', 'Pairing (cteInsert (ASM) <= Kernel_C.cteInsert (C))', 'Pairing (create_domain_cap (ASM) <= Kernel_C.create_domain_cap (C))', 'Pairing (cancelSignal (ASM) <= Kernel_C.cancelSignal (C))', 'Pairing (decodeCNodeInvocation (ASM) <= Kernel_C.decodeCNodeInvocation (C))', 'Pairing (configureIdleThread (ASM) <= Kernel_C.configureIdleThread (C))', 'Pairing (maybe_alloc_extra_bi (ASM) <= Kernel_C.maybe_alloc_extra_bi (C))', 'Pairing (invokeTCB_Resume (ASM) <= Kernel_C.invokeTCB_Resume (C))', 'Pairing (lookupPTSlot (ASM) <= Kernel_C.lookupPTSlot (C))', 'Pairing (arch_clean_invalidate_L1_caches (ASM) <= Kernel_C.arch_clean_invalidate_L1_caches (C))', 'Pairing (invokeUntyped_Retype (ASM) <= Kernel_C.invokeUntyped_Retype (C))', 'Pairing (cleanInvalidateL1Caches (ASM) <= Kernel_C.cleanInvalidateL1Caches (C))', 'Pairing (handleInvocation (ASM) <= Kernel_C.handleInvocation (C))', 'Pairing (getObjectSize (ASM) <= Kernel_C.getObjectSize (C))', 'Pairing (lookupIPCBuffer (ASM) <= Kernel_C.lookupIPCBuffer (C))', 'Pairing (deleteASID (ASM) <= Kernel_C.deleteASID (C))', 'Pairing (populate_bi_frame (ASM) <= Kernel_C.populate_bi_frame (C))', 'Pairing (sameRegionAs (ASM) <= Kernel_C.sameRegionAs (C))', 'Pairing (createNewObjects (ASM) <= Kernel_C.createNewObjects (C))', 'Pairing (resolveAddressBits (ASM) <= Kernel_C.resolveAddressBits (C))', 'Pairing (isFinalCapability (ASM) <= Kernel_C.isFinalCapability (C))', 'Pairing (invokeIRQHandler_SetIRQHandler (ASM) <= Kernel_C.invokeIRQHandler_SetIRQHandler (C))', 'Pairing (provide_cap (ASM) <= Kernel_C.provide_cap (C))', 'Pairing (Arch_sameRegionAs (ASM) <= Kernel_C.Arch_sameRegionAs (C))', 'Pairing (sendSignal (ASM) <= Kernel_C.sendSignal (C))', 'Pairing (invokeCNodeRotate (ASM) <= Kernel_C.invokeCNodeRotate (C))', 'Pairing (cteSwap (ASM) <= Kernel_C.cteSwap (C))', 'Pairing (decodeSetMCPriority (ASM) <= Kernel_C.decodeSetMCPriority (C))', 'Pairing (decodeSetIPCBuffer (ASM) <= Kernel_C.decodeSetIPCBuffer (C))', 'Pairing (replyFromKernel_success_empty (ASM) <= Kernel_C.replyFromKernel_success_empty (C))', 'Pairing (invokeCNodeDelete (ASM) <= Kernel_C.invokeCNodeDelete (C))', 'Pairing (invalidateCacheRange_RAM (ASM) <= Kernel_C.invalidateCacheRange_RAM (C))', 'Pairing (getReceiveSlots (ASM) <= Kernel_C.getReceiveSlots (C))', 'Pairing (doNBRecvFailedTransfer (ASM) <= Kernel_C.doNBRecvFailedTransfer (C))', 'Pairing (schedule (ASM) <= Kernel_C.schedule (C))', 'Pairing (Arch_updateCapData (ASM) <= Kernel_C.Arch_updateCapData (C))', 'Pairing (handleReply (ASM) <= Kernel_C.handleReply (C))', 'Pairing (cleanCacheRange_PoU (ASM) <= Kernel_C.cleanCacheRange_PoU (C))', 'Pairing (calculate_extra_bi_size_bits (ASM) <= Kernel_C.calculate_extra_bi_size_bits (C))', 'Pairing (doFlush (ASM) <= Kernel_C.doFlush (C))', 'Pairing (invokeTCB_ReadRegisters (ASM) <= Kernel_C.invokeTCB_ReadRegisters (C))', 'Pairing (setVMRootForFlush (ASM) <= Kernel_C.setVMRootForFlush (C))', 'Pairing (Arch_decodeInvocation (ASM) <= Kernel_C.Arch_decodeInvocation (C))', 'Pairing (Arch_finaliseCap (ASM) <= Kernel_C.Arch_finaliseCap (C))', 'Pairing (receiveIPC (ASM) <= Kernel_C.receiveIPC (C))', 'Pairing (unbindMaybeNotification (ASM) <= Kernel_C.unbindMaybeNotification (C))', 'Pairing (unbindNotification (ASM) <= Kernel_C.unbindNotification (C))', 'Pairing (lookupSourceSlot (ASM) <= Kernel_C.lookupSourceSlot (C))', 'Pairing (Arch_sameObjectAs (ASM) <= Kernel_C.Arch_sameObjectAs (C))', 'Pairing (activateThread (ASM) <= Kernel_C.activateThread (C))', 'Pairing (finaliseCap (ASM) <= Kernel_C.finaliseCap (C))', 'Pairing (invokeTCB_CopyRegisters (ASM) <= Kernel_C.invokeTCB_CopyRegisters (C))', 'Pairing (cancelAllSignals (ASM) <= Kernel_C.cancelAllSignals (C))', 'Pairing (performInvocation_Notification (ASM) <= Kernel_C.performInvocation_Notification (C))', 'Pairing (copyMRs (ASM) <= Kernel_C.copyMRs (C))', 'Pairing (lookupSlot (ASM) <= Kernel_C.lookupSlot (C))', 'Pairing (invokeIRQControl (ASM) <= Kernel_C.invokeIRQControl (C))', 'Pairing (updateCapData (ASM) <= Kernel_C.updateCapData (C))', 'Pairing (Arch_isFrameType (ASM) <= Kernel_C.Arch_isFrameType (C))', 'Pairing (invokeCNodeCancelBadgedSends (ASM) <= Kernel_C.invokeCNodeCancelBadgedSends (C))', 'Pairing (idle_thread (ASM) <= Kernel_C.idle_thread (C))', 'Pairing (handleUserLevelFault (ASM) <= Kernel_C.handleUserLevelFault (C))', 'Pairing (handleSyscall (ASM) <= Kernel_C.handleSyscall (C))', 'Pairing (Arch_maskCapRights (ASM) <= Kernel_C.Arch_maskCapRights (C))', 'Pairing (lookupCapAndSlot (ASM) <= Kernel_C.lookupCapAndSlot (C))', 'Pairing (isMDBParentOf (ASM) <= Kernel_C.isMDBParentOf (C))', 'Pairing (sameObjectAs (ASM) <= Kernel_C.sameObjectAs (C))', 'Pairing (invalidateCacheRange_I (ASM) <= Kernel_C.invalidateCacheRange_I (C))', 'Pairing (cleanCaches_PoU (ASM) <= Kernel_C.cleanCaches_PoU (C))', 'Pairing (initL2Cache (ASM) <= Kernel_C.initL2Cache (C))', 'Pairing (invokeCNodeMove (ASM) <= Kernel_C.invokeCNodeMove (C))', 'Pairing (findFreeHWASID (ASM) <= Kernel_C.findFreeHWASID (C))', 'Pairing (maskVMRights (ASM) <= Kernel_C.maskVMRights (C))', 'Pairing (decodeSetSpace (ASM) <= Kernel_C.decodeSetSpace (C))', 'Pairing (create_initial_thread (ASM) <= Kernel_C.create_initial_thread (C))', 'Pairing (create_it_address_space (ASM) <= Kernel_C.create_it_address_space (C))', 'Pairing (invokeIRQHandler_ClearIRQHandler (ASM) <= Kernel_C.invokeIRQHandler_ClearIRQHandler (C))', 'Pairing (doNormalTransfer (ASM) <= Kernel_C.doNormalTransfer (C))', 'Pairing (decodeCopyRegisters (ASM) <= Kernel_C.decodeCopyRegisters (C))', 'Pairing (cancelBadgedSends (ASM) <= Kernel_C.cancelBadgedSends (C))', 'Pairing (tcbEPDequeue (ASM) <= Kernel_C.tcbEPDequeue (C))', 'Pairing (lockTLBEntry (ASM) <= Kernel_C.lockTLBEntry (C))', 'Pairing (cteRevoke (ASM) <= Kernel_C.cteRevoke (C))', 'Pairing (write_it_asid_pool (ASM) <= Kernel_C.write_it_asid_pool (C))', 'Pairing (lookupCap (ASM) <= Kernel_C.lookupCap (C))', 'Pairing (preemptionPoint (ASM) <= Kernel_C.preemptionPoint (C))', 'Pairing (copyGlobalMappings (ASM) <= Kernel_C.copyGlobalMappings (C))', 'Pairing (create_ipcbuf_frame_cap (ASM) <= Kernel_C.create_ipcbuf_frame_cap (C))', 'Pairing (replyFromKernel_error (ASM) <= Kernel_C.replyFromKernel_error (C))', 'Pairing (doReplyTransfer (ASM) <= Kernel_C.doReplyTransfer (C))', 'Pairing (setMCPriority (ASM) <= Kernel_C.setMCPriority (C))', 'Pairing (write_slot (ASM) <= Kernel_C.write_slot (C))', 'Pairing (doFaultTransfer (ASM) <= Kernel_C.doFaultTransfer (C))', 'Pairing (Arch_activateIdleThread (ASM) <= Kernel_C.Arch_activateIdleThread (C))', 'Pairing (ensureEmptySlot (ASM) <= Kernel_C.ensureEmptySlot (C))', 'Pairing (Arch_handleFaultReply (ASM) <= Kernel_C.Arch_handleFaultReply (C))', 'Pairing (str_to_long (ASM) <= Kernel_C.str_to_long (C))', 'Pairing (init_core_state (ASM) <= Kernel_C.init_core_state (C))', 'Pairing (deletingIRQHandler (ASM) <= Kernel_C.deletingIRQHandler (C))', 'Pairing (performInvocation_Endpoint (ASM) <= Kernel_C.performInvocation_Endpoint (C))', 'Pairing (strncmp (ASM) <= Kernel_C.strncmp (C))', 'Pairing (handleVMFaultEvent (ASM) <= Kernel_C.handleVMFaultEvent (C))', 'Pairing (create_unmapped_it_frame_cap (ASM) <= Kernel_C.create_unmapped_it_frame_cap (C))', 'Pairing (invokeTCB_NotificationControl (ASM) <= Kernel_C.invokeTCB_NotificationControl (C))', 'Pairing (flushSpace (ASM) <= Kernel_C.flushSpace (C))', 'Pairing (Arch_decodeIRQControlInvocation (ASM) <= Kernel_C.Arch_decodeIRQControlInvocation (C))', 'Pairing (decodeBindNotification (ASM) <= Kernel_C.decodeBindNotification (C))', 'Pairing (handleDoubleFault (ASM) <= Kernel_C.handleDoubleFault (C))', 'Pairing (decodeTCBInvocation (ASM) <= Kernel_C.decodeTCBInvocation (C))', 'Pairing (map_kernel_devices (ASM) <= Kernel_C.map_kernel_devices (C))', 'Pairing (setDomain (ASM) <= Kernel_C.setDomain (C))', 'Pairing (handleInterrupt (ASM) <= Kernel_C.handleInterrupt (C))', 'Pairing (map_kernel_frame (ASM) <= Kernel_C.map_kernel_frame (C))', 'Pairing (reserve_region (ASM) <= Kernel_C.reserve_region (C))', 'Pairing (decodeIRQHandlerInvocation (ASM) <= Kernel_C.decodeIRQHandlerInvocation (C))', 'Pairing (create_device_untypeds (ASM) <= Kernel_C.create_device_untypeds (C))', 'Pairing (sendIPC (ASM) <= Kernel_C.sendIPC (C))', 'Pairing (create_mapped_it_frame_cap (ASM) <= Kernel_C.create_mapped_it_frame_cap (C))', 'Pairing (create_root_cnode (ASM) <= Kernel_C.create_root_cnode (C))', 'Pairing (unmapPage (ASM) <= Kernel_C.unmapPage (C))', 'Pairing (handleFaultReply (ASM) <= Kernel_C.handleFaultReply (C))', 'Pairing (memzero (ASM) <= Kernel_C.memzero (C))', 'Pairing (scheduleChooseNewThread (ASM) <= Kernel_C.scheduleChooseNewThread (C))', 'Pairing (invokeTCB_ThreadControl (ASM) <= Kernel_C.invokeTCB_ThreadControl (C))', 'Pairing (completeSignal (ASM) <= Kernel_C.completeSignal (C))', 'Pairing (cteDelete (ASM) <= Kernel_C.cteDelete (C))', 'Pairing (cleanCacheRange_RAM (ASM) <= Kernel_C.cleanCacheRange_RAM (C))', 'Pairing (lookupPDSlot (ASM) <= Kernel_C.lookupPDSlot (C))', 'Pairing (Arch_decodeTransfer (ASM) <= Kernel_C.Arch_decodeTransfer (C))', 'Pairing (doIPCTransfer (ASM) <= Kernel_C.doIPCTransfer (C))', 'Pairing (decodeIRQControlInvocation (ASM) <= Kernel_C.decodeIRQControlInvocation (C))', 'Pairing (setNextPC (ASM) <= Kernel_C.setNextPC (C))', 'Pairing (c_handle_interrupt (ASM) <= Kernel_C.c_handle_interrupt (C))', 'Pairing (unmapPageTable (ASM) <= Kernel_C.unmapPageTable (C))', 'Pairing (tcbEPAppend (ASM) <= Kernel_C.tcbEPAppend (C))', 'Pairing (emptySlot (ASM) <= Kernel_C.emptySlot (C))', 'Pairing (decodeDomainInvocation (ASM) <= Kernel_C.decodeDomainInvocation (C))', 'Pairing (create_frames_of_region (ASM) <= Kernel_C.create_frames_of_region (C))', 'Pairing (insert_region (ASM) <= Kernel_C.insert_region (C))', 'Pairing (setIRQState (ASM) <= Kernel_C.setIRQState (C))', 'Pairing (decodeUnbindNotification (ASM) <= Kernel_C.decodeUnbindNotification (C))', 'Pairing (alloc_rootserver_obj (ASM) <= Kernel_C.alloc_rootserver_obj (C))', 'Pairing (Arch_switchToIdleThread (ASM) <= Kernel_C.Arch_switchToIdleThread (C))', 'Pairing (setVMRoot (ASM) <= Kernel_C.setVMRoot (C))', 'Pairing (checkValidIPCBuffer (ASM) <= Kernel_C.checkValidIPCBuffer (C))', 'Pairing (dist_init (ASM) <= Kernel_C.dist_init (C))', 'Pairing (create_bi_frame_cap (ASM) <= Kernel_C.create_bi_frame_cap (C))', 'Pairing (tcbSchedDequeue (ASM) <= Kernel_C.tcbSchedDequeue (C))', 'Pairing (rescheduleRequired (ASM) <= Kernel_C.rescheduleRequired (C))', 'Pairing (setPriority (ASM) <= Kernel_C.setPriority (C))', 'Pairing (findPDForASID (ASM) <= Kernel_C.findPDForASID (C))', 'Pairing (strlcat (ASM) <= Kernel_C.strlcat (C))', 'Pairing (setupReplyMaster (ASM) <= Kernel_C.setupReplyMaster (C))', 'Pairing (create_untypeds_for_region (ASM) <= Kernel_C.create_untypeds_for_region (C))', 'Pairing (decodeWriteRegisters (ASM) <= Kernel_C.decodeWriteRegisters (C))', 'Pairing (invokeIRQHandler_AckIRQ (ASM) <= Kernel_C.invokeIRQHandler_AckIRQ (C))', 'Pairing (invokeCNodeSaveCaller (ASM) <= Kernel_C.invokeCNodeSaveCaller (C))', 'Pairing (maskCapRights (ASM) <= Kernel_C.maskCapRights (C))', 'Pairing (flushTable (ASM) <= Kernel_C.flushTable (C))', 'Pairing (isIOSpaceFrameCap (ASM) <= Kernel_C.isIOSpaceFrameCap (C))', 'Pairing (arch_get_n_paging (ASM) <= Kernel_C.arch_get_n_paging (C))', 'Pairing (lookupTargetSlot (ASM) <= Kernel_C.lookupTargetSlot (C))', 'Pairing (invalidateTLBByASID (ASM) <= Kernel_C.invalidateTLBByASID (C))', 'Pairing (insertNewCap (ASM) <= Kernel_C.insertNewCap (C))', 'Pairing (Arch_setMRs_fault (ASM) <= Kernel_C.Arch_setMRs_fault (C))', 'Pairing (handleVMFault (ASM) <= Kernel_C.handleVMFault (C))', 'Pairing (handleUnknownSyscall (ASM) <= Kernel_C.handleUnknownSyscall (C))', 'Pairing (receiveSignal (ASM) <= Kernel_C.receiveSignal (C))', 'Pairing (Arch_prepareThreadDelete (ASM) <= Kernel_C.Arch_prepareThreadDelete (C))', 'Pairing (setIRQTrigger (ASM) <= Kernel_C.setIRQTrigger (C))', 'Pairing (initTimer (ASM) <= Kernel_C.initTimer (C))', 'Pairing (flushPage (ASM) <= Kernel_C.flushPage (C))', 'Pairing (initIRQController (ASM) <= Kernel_C.initIRQController (C))', 'Pairing (branchFlushRange (ASM) <= Kernel_C.branchFlushRange (C))', 'Pairing (create_rootserver_objects (ASM) <= Kernel_C.create_rootserver_objects (C))', 'Pairing (memcpy (ASM) <= Kernel_C.memcpy (C))', 'Pairing (handleFault (ASM) <= Kernel_C.handleFault (C))', 'Pairing (Arch_postModifyRegisters (ASM) <= Kernel_C.Arch_postModifyRegisters (C))', 'Pairing (arm_errata (ASM) <= Kernel_C.arm_errata (C))', 'Pairing (cteMove (ASM) <= Kernel_C.cteMove (C))', 'Pairing (setExtraBadge (ASM) <= Kernel_C.setExtraBadge (C))', 'Pairing (get_num_avail_p_regs (ASM) <= Kernel_C.get_num_avail_p_regs (C))', 'Pairing (timerTick (ASM) <= Kernel_C.timerTick (C))', 'Pairing (strlcpy (ASM) <= Kernel_C.strlcpy (C))', 'Pairing (bindNotification (ASM) <= Kernel_C.bindNotification (C))', 'Pairing (switchToThread (ASM) <= Kernel_C.switchToThread (C))', 'Pairing (scheduleTCB (ASM) <= Kernel_C.scheduleTCB (C))', 'Pairing (chooseThread (ASM) <= Kernel_C.chooseThread (C))', 'Pairing (deleteCallerCap (ASM) <= Kernel_C.deleteCallerCap (C))', 'Pairing (create_it_asid_pool (ASM) <= Kernel_C.create_it_asid_pool (C))', 'Pairing (setMRs_syscall_error (ASM) <= Kernel_C.setMRs_syscall_error (C))', 'Pairing (sendFaultIPC (ASM) <= Kernel_C.sendFaultIPC (C))', 'Pairing (lookupExtraCaps (ASM) <= Kernel_C.lookupExtraCaps (C))', 'Pairing (getExtraCPtr (ASM) <= Kernel_C.getExtraCPtr (C))', 'Pairing (decodeUntypedInvocation (ASM) <= Kernel_C.decodeUntypedInvocation (C))', 'Pairing (capSwapForDelete (ASM) <= Kernel_C.capSwapForDelete (C))', 'Pairing (loadHWASID (ASM) <= Kernel_C.loadHWASID (C))', 'Pairing (decodeReadRegisters (ASM) <= Kernel_C.decodeReadRegisters (C))', 'Pairing (tcbSchedAppend (ASM) <= Kernel_C.tcbSchedAppend (C))', 'Pairing (invokeTCB_Suspend (ASM) <= Kernel_C.invokeTCB_Suspend (C))', 'Pairing (lookupSlotForCNodeOp (ASM) <= Kernel_C.lookupSlotForCNodeOp (C))', 'Pairing (char_to_long (ASM) <= Kernel_C.char_to_long (C))', 'Pairing (decodeTCBConfigure (ASM) <= Kernel_C.decodeTCBConfigure (C))', 'Pairing (decodeInvocation (ASM) <= Kernel_C.decodeInvocation (C))', 'Pairing (cancelAllIPC (ASM) <= Kernel_C.cancelAllIPC (C))', 'Pairing (invalidateASIDEntry (ASM) <= Kernel_C.invalidateASIDEntry (C))', 'Pairing (getRestartPC (ASM) <= Kernel_C.getRestartPC (C))', 'Pairing (Arch_createObject (ASM) <= Kernel_C.Arch_createObject (C))', 'Pairing (createObject (ASM) <= Kernel_C.createObject (C))', 'Pairing (lookupPivotSlot (ASM) <= Kernel_C.lookupPivotSlot (C))', 'Pairing (performInvocation_Reply (ASM) <= Kernel_C.performInvocation_Reply (C))', 'Pairing (switchToIdleThread (ASM) <= Kernel_C.switchToIdleThread (C))', 'Pairing (create_idle_thread (ASM) <= Kernel_C.create_idle_thread (C))']

real    31m18.063s
user    53m42.307s
sys     2m39.512s
warning: you did not specify '--add-root'; the result might be removed by the garbage collector
/nix/store/vzfr0gi6ibs46qr08n1xcqwr1jc7qz8b-graph-refine-wip2
