these 8 derivations will be built:
  /nix/store/22d936zxwsbixk7l7dq25xza3ipnb4fy-download.php?file=mathsat-5.6.10-linux-x86_64.tar.gz.drv
  /nix/store/wy3kgwnpyl7gfknqjyrdzqkxhd9cq8j9-mathsat5-binary.drv
  /nix/store/w8zpw16ipvkh91xw1nl5h3yjsx994p96-solverlist.drv
  /nix/store/1g6xdvkfhm9vvkngk2lmzf4cglwsdk34-graph-refine.drv
  /nix/store/2q035wn815zmv9xg7ppa7qylsjgjqxpv-graph-refine.drv
  /nix/store/cmiyzhbwgp7xlp7zaj57pfszfa9nvb5n-graph-refine.drv
  /nix/store/dddnskj990q83z7cmwxm43phml65idax-graph-refine.drv
  /nix/store/k1yx72lqyiw2xkp1vv7frqbj57mb8rg4-x.drv
these 6 paths will be fetched (8.66 MiB download, 31.13 MiB unpacked):
  /nix/store/fm4yr0k45plxf2adhbkcm71pm4ml2fx4-auto-patchelf-hook
  /nix/store/4vblpggdlqg4gkb49az4jyl4lp94m6s4-binutils-wrapper-2.40
  /nix/store/d7jpx7lqlz35q5mag07jgq9vk75sx5nq-gmp-with-cxx-6.3.0-dev
  /nix/store/g63163zsval1qph5q5pg1bq5szmg71da-python3-3.11.5-env
  /nix/store/4bngkxfpm07d0bj00hcfncjiy6ww8fl8-python3.11-pyelftools-0.29
  /nix/store/pc611vpabd864pfwh2xnp2j3d196s9h3-z3-4.8.17
copying path '/nix/store/pc611vpabd864pfwh2xnp2j3d196s9h3-z3-4.8.17' from 'https://cache.nixos.org'...
copying path '/nix/store/d7jpx7lqlz35q5mag07jgq9vk75sx5nq-gmp-with-cxx-6.3.0-dev' from 'https://cache.nixos.org'...
copying path '/nix/store/4vblpggdlqg4gkb49az4jyl4lp94m6s4-binutils-wrapper-2.40' from 'https://cache.nixos.org'...
copying path '/nix/store/4bngkxfpm07d0bj00hcfncjiy6ww8fl8-python3.11-pyelftools-0.29' from 'https://cache.nixos.org'...
building '/nix/store/22d936zxwsbixk7l7dq25xza3ipnb4fy-download.php?file=mathsat-5.6.10-linux-x86_64.tar.gz.drv'...
copying path '/nix/store/g63163zsval1qph5q5pg1bq5szmg71da-python3-3.11.5-env' from 'https://cache.nixos.org'...
copying path '/nix/store/fm4yr0k45plxf2adhbkcm71pm4ml2fx4-auto-patchelf-hook' from 'https://cache.nixos.org'...

trying https://mathsat.fbk.eu/download.php?file=mathsat-5.6.10-linux-x86_64.tar.gz
  % Total    % Received % Xferd  Average Speed   Time    Time     Time  Current
                                 Dload  Upload   Total   Spent    Left  Speed
  0     0    0     0    0     0      0      0 --:--:-- --:--:-- --:--:--     0
100 11.9M  100 11.9M    0     0  4556k      0  0:00:02  0:00:02 --:--:-- 11.9M
building '/nix/store/wy3kgwnpyl7gfknqjyrdzqkxhd9cq8j9-mathsat5-binary.drv'...
unpacking sources
unpacking source archive /nix/store/qg13wyan893m8m0syzyxix4s1khx8s8f-download.php?file=mathsat-5.6.10-linux-x86_64.tar.gz
source root is mathsat-5.6.10-linux-x86_64
setting SOURCE_DATE_EPOCH to timestamp 1685530016 of file mathsat-5.6.10-linux-x86_64/java/mathsat_api.h
installing
post-installation fixup
shrinking RPATHs of ELF executables and libraries in /nix/store/s8vz71vpk7pywkpnn0sgl6lblh6pvc3b-mathsat5-binary
shrinking /nix/store/s8vz71vpk7pywkpnn0sgl6lblh6pvc3b-mathsat5-binary/bin/mathsat
shrinking /nix/store/s8vz71vpk7pywkpnn0sgl6lblh6pvc3b-mathsat5-binary/lib/libmathsat.so
checking for references to /build/ in /nix/store/s8vz71vpk7pywkpnn0sgl6lblh6pvc3b-mathsat5-binary...
patching script interpreter paths in /nix/store/s8vz71vpk7pywkpnn0sgl6lblh6pvc3b-mathsat5-binary
/nix/store/s8vz71vpk7pywkpnn0sgl6lblh6pvc3b-mathsat5-binary/java/compile.sh: interpreter directive changed from "#!/bin/sh" to "/nix/store/lf0wpjrj8yx4gsmw2s3xfl58ixmqk8qa-bash-5.2-p15/bin/sh"
stripping (with command strip and flags -S -p) in  /nix/store/s8vz71vpk7pywkpnn0sgl6lblh6pvc3b-mathsat5-binary/lib /nix/store/s8vz71vpk7pywkpnn0sgl6lblh6pvc3b-mathsat5-binary/bin
automatically fixing dependencies for ELF files
{'append_rpaths': [],
 'ignore_missing': [],
 'libs': [PosixPath('/nix/store/fm4yr0k45plxf2adhbkcm71pm4ml2fx4-auto-patchelf-hook/lib'),
          PosixPath('/nix/store/4vblpggdlqg4gkb49az4jyl4lp94m6s4-binutils-wrapper-2.40/lib'),
          PosixPath('/nix/store/znqwpxy9jlxcgi2ms2hga0ch87bbbr9g-patchelf-0.15.0/lib'),
          PosixPath('/nix/store/6g3mnziija245czxdqvs4k4sc6lad0sw-update-autotools-gnu-config-scripts-hook/lib'),
          PosixPath('/nix/store/h9lc1dpi14z7is86ffhl3ld569138595-audit-tmpdir.sh/lib'),
          PosixPath('/nix/store/m54bmrhj6fqz8nds5zcj97w9s9bckc9v-compress-man-pages.sh/lib'),
          PosixPath('/nix/store/wgrbkkaldkrlrni33ccvm3b6vbxzb656-make-symlinks-relative.sh/lib'),
          PosixPath('/nix/store/5yzw0vhkyszf2d179m0qfkgxmp5wjjx4-move-docs.sh/lib'),
          PosixPath('/nix/store/fyaryjvghbkpfnsyw97hb3lyb37s1pd6-move-lib64.sh/lib'),
          PosixPath('/nix/store/kd4xwxjpjxi71jkm6ka0np72if9rm3y0-move-sbin.sh/lib'),
          PosixPath('/nix/store/pag6l61paj1dc9sv15l7bm5c17xn5kyk-move-systemd-user-units.sh/lib'),
          PosixPath('/nix/store/jivxp510zxakaaic7qkrb7v1dd2rdbw9-multiple-outputs.sh/lib'),
          PosixPath('/nix/store/wzdsbnv2ba3nj91aql8jjdddfmkkdh7h-patch-shebangs.sh/lib'),
          PosixPath('/nix/store/cickvswrvann041nqxb0rxilc46svw1n-prune-libtool-files.sh/lib'),
          PosixPath('/nix/store/xyff06pkhki3qy1ls77w10s0v79c9il0-reproducible-builds.sh/lib'),
          PosixPath('/nix/store/ngg1cv31c8c7bcm2n8ww4g06nq7s4zhm-set-source-date-epoch-to-latest.sh/lib'),
          PosixPath('/nix/store/wmknncrif06fqxa16hpdldhixk95nds0-strip.sh/lib'),
          PosixPath('/nix/store/zlzz2z48s7ry0hkl55xiqp5a73b4mzrg-gcc-wrapper-12.3.0/lib'),
          PosixPath('/nix/store/h8d2j0prdf7pnpgyrgkxrrbfwnmxbq6y-binutils-wrapper-2.40/lib'),
          PosixPath('/nix/store/d7jpx7lqlz35q5mag07jgq9vk75sx5nq-gmp-with-cxx-6.3.0-dev/lib'),
          PosixPath('/nix/store/bsb4z6yw6v3kz7vmf1m4gh4flf9kj1ck-gmp-with-cxx-6.3.0/lib'),
          PosixPath('/nix/store/fm4yr0k45plxf2adhbkcm71pm4ml2fx4-auto-patchelf-hook/lib'),
          PosixPath('/nix/store/4vblpggdlqg4gkb49az4jyl4lp94m6s4-binutils-wrapper-2.40/lib'),
          PosixPath('/nix/store/znqwpxy9jlxcgi2ms2hga0ch87bbbr9g-patchelf-0.15.0/lib'),
          PosixPath('/nix/store/6g3mnziija245czxdqvs4k4sc6lad0sw-update-autotools-gnu-config-scripts-hook/lib'),
          PosixPath('/nix/store/h9lc1dpi14z7is86ffhl3ld569138595-audit-tmpdir.sh/lib'),
          PosixPath('/nix/store/m54bmrhj6fqz8nds5zcj97w9s9bckc9v-compress-man-pages.sh/lib'),
          PosixPath('/nix/store/wgrbkkaldkrlrni33ccvm3b6vbxzb656-make-symlinks-relative.sh/lib'),
          PosixPath('/nix/store/5yzw0vhkyszf2d179m0qfkgxmp5wjjx4-move-docs.sh/lib'),
          PosixPath('/nix/store/fyaryjvghbkpfnsyw97hb3lyb37s1pd6-move-lib64.sh/lib'),
          PosixPath('/nix/store/kd4xwxjpjxi71jkm6ka0np72if9rm3y0-move-sbin.sh/lib'),
          PosixPath('/nix/store/pag6l61paj1dc9sv15l7bm5c17xn5kyk-move-systemd-user-units.sh/lib'),
          PosixPath('/nix/store/jivxp510zxakaaic7qkrb7v1dd2rdbw9-multiple-outputs.sh/lib'),
          PosixPath('/nix/store/wzdsbnv2ba3nj91aql8jjdddfmkkdh7h-patch-shebangs.sh/lib'),
          PosixPath('/nix/store/cickvswrvann041nqxb0rxilc46svw1n-prune-libtool-files.sh/lib'),
          PosixPath('/nix/store/xyff06pkhki3qy1ls77w10s0v79c9il0-reproducible-builds.sh/lib'),
          PosixPath('/nix/store/ngg1cv31c8c7bcm2n8ww4g06nq7s4zhm-set-source-date-epoch-to-latest.sh/lib'),
          PosixPath('/nix/store/wmknncrif06fqxa16hpdldhixk95nds0-strip.sh/lib'),
          PosixPath('/nix/store/zlzz2z48s7ry0hkl55xiqp5a73b4mzrg-gcc-wrapper-12.3.0/lib'),
          PosixPath('/nix/store/h8d2j0prdf7pnpgyrgkxrrbfwnmxbq6y-binutils-wrapper-2.40/lib'),
          PosixPath('/nix/store/d7jpx7lqlz35q5mag07jgq9vk75sx5nq-gmp-with-cxx-6.3.0-dev/lib'),
          PosixPath('/nix/store/bsb4z6yw6v3kz7vmf1m4gh4flf9kj1ck-gmp-with-cxx-6.3.0/lib')],
 'paths': [PosixPath('/nix/store/s8vz71vpk7pywkpnn0sgl6lblh6pvc3b-mathsat5-binary')],
 'recursive': True,
 'runtime_dependencies': []}
setting interpreter of /nix/store/s8vz71vpk7pywkpnn0sgl6lblh6pvc3b-mathsat5-binary/bin/mathsat
searching for dependencies of /nix/store/s8vz71vpk7pywkpnn0sgl6lblh6pvc3b-mathsat5-binary/bin/mathsat
searching for dependencies of /nix/store/s8vz71vpk7pywkpnn0sgl6lblh6pvc3b-mathsat5-binary/lib/libmathsat.so
    libgmp.so.10 -> found: /nix/store/bsb4z6yw6v3kz7vmf1m4gh4flf9kj1ck-gmp-with-cxx-6.3.0/lib
    libstdc++.so.6 -> found: /nix/store/9fy9zzhf613xp0c3jsjxbjq6yp8afrsv-gcc-12.3.0-lib/lib/../lib64
    libgcc_s.so.1 -> found: /nix/store/1q6qwq8csbhyy0pv54sab00jxlmb3rw2-gcc-12.3.0-libgcc/lib
setting RPATH to: /nix/store/bsb4z6yw6v3kz7vmf1m4gh4flf9kj1ck-gmp-with-cxx-6.3.0/lib:/nix/store/9fy9zzhf613xp0c3jsjxbjq6yp8afrsv-gcc-12.3.0-lib/lib/../lib64:/nix/store/1q6qwq8csbhyy0pv54sab00jxlmb3rw2-gcc-12.3.0-libgcc/lib
auto-patchelf: 0 dependencies could not be satisfied
building '/nix/store/w8zpw16ipvkh91xw1nl5h3yjsx994p96-solverlist.drv'...
building '/nix/store/1g6xdvkfhm9vvkngk2lmzf4cglwsdk34-graph-refine.drv'...
Loading syntax from ./CFunctions.txt
Loaded 835 functions, 75 structs, 0 globals.
Loading syntax from ./ASMFunctions.txt
Missing nodes after calls to instruction'isb_sy_E0000C18
  in ['fpsimd_HWCapTest']
Missing nodes after calls to restore_user_context
  in ['slowpath', 'c_handle_data_fault', 'c_handle_interrupt', 'c_handle_undefined_instruction']
Missing nodes after calls to halt
  in ['activateThread', 'handleReply', 'arm_reset_exception', 'completeSignal', 'doFlush']
Missing nodes after calls to instruction'ldr_pc_pc_20_e0010038_arm_vector_table_0x38_E001001C
  in ['arm_vector_table']
Warning: dead arc in c_handle_syscall: 71 -> 3758164096
  (follows Basic node!)
Warning: dead arc in c_handle_syscall: 73 -> 3758164096
  (follows Basic node!)
Warning: dead arc in arm_fiq_exception: 7 -> 3758162208
  (follows Basic node!)
Warning: dead arc in arm_fiq_exception: 9 -> 3758162208
  (follows Basic node!)
Warning: dead arc in c_handle_instruction_fault: 3758162396 -> 3758162400
  (follows Basic node!)
Warning: dead arc in _start: 3758096388 -> 3758096392
  (follows Basic node!)
Loaded 491 functions, 0 structs, 0 globals.
Pseudo-Compiling.
Doing stack/inst logic.
Warning: asm instruction name: formatting: "asm_instruction'.word_0xeef00a10__\\nmov_%0,_r0________\\n"
Warning: asm instruction name: formatting: "asm_instruction'.word_0xeef00a10__\\nmov_%0,_r0________\\n"
Function 'init_kernel' contains unhandled instructions:
  ["instruction'vmsr_fpexc_r3_E0004B48", "instruction'vmrs_r3_fpexc_E0004B40"]
Function 'Arch_switchToThread' contains unhandled instructions:
  ["instruction'strex_r0_r1_r3_E0011338"]
Function 'Kernel_C.fpsimd_HWCapTest' contains unhandled instructions:
  ["asm_instruction'.word_0xeef00a10__\\nmov_%0,_r0________\\n"]
Function 'arm_vector_table' contains unhandled instructions:
  ["instruction'ldr_pc_pc_24_e0010020_arm_vector_table_0x20_E0010000", "instruction'ldr_pc_pc_24_e001002c_arm_vector_table_0x2c_E001000C", "instruction'ldr_pc_pc_20_e0010038_arm_vector_table_0x38_E001001C", "instruction'ldr_pc_pc_24_e0010024_arm_vector_table_0x24_E0010004", "instruction'ldr_pc_pc_24_e0010030_arm_vector_table_0x30_E0010010", "instruction'ldr_pc_pc_24_e0010028_arm_vector_table_0x28_E0010008", "instruction'ldr_pc_pc_20_e0010034_arm_vector_table_0x34_E0010018", "instruction'ldr_pc_pc_4_e0010020_arm_vector_table_0x20_E0010014"]
Function 'arm_undefined_inst_exception' contains unhandled instructions:
  ["instruction'cps_19_E0010040", "instruction'srsia_sp_19_E001003C", "instruction'stmdb_sp_r0_r1_r2_r3_r4_r5_r6_r7_r8_r9_sl_fp_ip_sp_lr_E0010044"]
Function 'arm_data_abort_exception' contains unhandled instructions:
  ["instruction'cps_19_E00100BC", "instruction'stmdb_sp_r0_r1_r2_r3_r4_r5_r6_r7_r8_r9_sl_fp_ip_sp_lr_E00100C0", "instruction'srsia_sp_19_E00100B8"]
Function 'Kernel_C.supportsAsyncExceptions' contains unhandled instructions:
  ["asm_instruction'.fpu_vfp\\nvmsr_fpexc,_%0", "asm_instruction'.fpu_vfp\\nvmrs_%0,_fpexc"]
Function 'Kernel_C.clearEnFPEXC' contains unhandled instructions:
  ["asm_instruction'.fpu_vfp\\nvmsr_fpexc,_%0", "asm_instruction'.fpu_vfp\\nvmrs_%0,_fpexc"]
Function 'arm_irq_exception' contains unhandled instructions:
  ["instruction'stmdb_sp_r0_r1_r2_r3_r4_r5_r6_r7_r8_r9_sl_fp_ip_sp_lr_E00100F4", "instruction'cps_19_E00100F0", "instruction'srsia_sp_19_E00100EC"]
Function 'fpsimd_HWCapTest' contains unhandled instructions:
  ["instruction'vmrs_r3_fpexc_E0000C38", "instruction'vmsr_fpexc_r3_E0000C34", "instruction'vmrs_r3_fpexc_E0000C2C"]
Function '_start' contains unhandled instructions:
  ["instruction'cps_23_E0000034", "instruction'cps_19_E000003C"]
Function 'arm_prefetch_abort_exception' contains unhandled instructions:
  ["instruction'cps_19_E001008C", "instruction'stmdb_sp_r0_r1_r2_r3_r4_r5_r6_r7_r8_r9_sl_fp_ip_sp_lr_E0010090", "instruction'srsia_sp_19_E0010088"]
Function 'halt' contains unhandled instructions:
  ["instruction'cpsid_aif_E00109DC"]
Checking.
Checking 1 function pair problems
Testing Function pair Pairing (create_kernel_untypeds (ASM) <= Kernel_C.create_kernel_untypeds (C))
  (function pairing 1 of 1)
 .. built problem, finding proof
Discovered that points [38 (loop head)] can be bounded
  (in problem)
Traceback (most recent call last):
  File "/nix/store/3mrdy430sjhmj66qp07p31w54zapx42i-source/graph-refine.py", line 69, in toplevel_check
    proof = search.build_proof (p)
  File "/nix/store/3mrdy430sjhmj66qp07p31w54zapx42i-source/search.py", line 56, in build_proof
    proof = build_proof_rec (default_searcher, p, (), list (init_hyps))
  File "/nix/store/3mrdy430sjhmj66qp07p31w54zapx42i-source/search.py", line 1712, in build_proof_rec
    searcher, p, restrs, hyps, name = name)
  File "/nix/store/3mrdy430sjhmj66qp07p31w54zapx42i-source/search.py", line 1756, in build_proof_rec_with_restrs
    kind, must_find = must_find)
  File "/nix/store/3mrdy430sjhmj66qp07p31w54zapx42i-source/search.py", line 1785, in get_proof_split_limit
    hints = [limit, limit + 1], use_rep = mk_graph_slice (p))
  File "/nix/store/3mrdy430sjhmj66qp07p31w54zapx42i-source/search.py", line 113, in find_split_limit
    assert not 'split limit found'
AssertionError
Result ProofEXCEPT for pair Pairing (create_kernel_untypeds (ASM) <= Kernel_C.create_kernel_untypeds (C)), time taken: 34.29s
Results: [('Pairing (create_kernel_untypeds (ASM) <= Kernel_C.create_kernel_untypeds (C))', 'ProofEXCEPT')]
Result summary:
  - 0 proofs checked
  - 0 proofs skipped
  - failures: ['Pairing (create_kernel_untypeds (ASM) <= Kernel_C.create_kernel_untypeds (C))']

real    0m46.023s
user    1m8.780s
sys     0m7.638s
building '/nix/store/2q035wn815zmv9xg7ppa7qylsjgjqxpv-graph-refine.drv'...
Loading syntax from ./CFunctions.txt
Loaded 835 functions, 75 structs, 0 globals.
Loading syntax from ./ASMFunctions.txt
Missing nodes after calls to instruction'isb_sy_E0000C18
  in ['fpsimd_HWCapTest']
Missing nodes after calls to restore_user_context
  in ['slowpath', 'c_handle_data_fault', 'c_handle_interrupt', 'c_handle_undefined_instruction']
Missing nodes after calls to halt
  in ['activateThread', 'handleReply', 'arm_reset_exception', 'completeSignal', 'doFlush']
Missing nodes after calls to instruction'ldr_pc_pc_20_e0010038_arm_vector_table_0x38_E001001C
  in ['arm_vector_table']
Warning: dead arc in c_handle_syscall: 71 -> 3758164096
  (follows Basic node!)
Warning: dead arc in c_handle_syscall: 73 -> 3758164096
  (follows Basic node!)
Warning: dead arc in arm_fiq_exception: 7 -> 3758162208
  (follows Basic node!)
Warning: dead arc in arm_fiq_exception: 9 -> 3758162208
  (follows Basic node!)
Warning: dead arc in c_handle_instruction_fault: 3758162396 -> 3758162400
  (follows Basic node!)
Warning: dead arc in _start: 3758096388 -> 3758096392
  (follows Basic node!)
Loaded 491 functions, 0 structs, 0 globals.
Pseudo-Compiling.
Doing stack/inst logic.
Warning: asm instruction name: formatting: "asm_instruction'.word_0xeef00a10__\\nmov_%0,_r0________\\n"
Warning: asm instruction name: formatting: "asm_instruction'.word_0xeef00a10__\\nmov_%0,_r0________\\n"
Function 'init_kernel' contains unhandled instructions:
  ["instruction'vmsr_fpexc_r3_E0004B48", "instruction'vmrs_r3_fpexc_E0004B40"]
Function 'Arch_switchToThread' contains unhandled instructions:
  ["instruction'strex_r0_r1_r3_E0011338"]
Function 'Kernel_C.fpsimd_HWCapTest' contains unhandled instructions:
  ["asm_instruction'.word_0xeef00a10__\\nmov_%0,_r0________\\n"]
Function 'arm_vector_table' contains unhandled instructions:
  ["instruction'ldr_pc_pc_24_e0010020_arm_vector_table_0x20_E0010000", "instruction'ldr_pc_pc_24_e001002c_arm_vector_table_0x2c_E001000C", "instruction'ldr_pc_pc_20_e0010038_arm_vector_table_0x38_E001001C", "instruction'ldr_pc_pc_24_e0010024_arm_vector_table_0x24_E0010004", "instruction'ldr_pc_pc_24_e0010030_arm_vector_table_0x30_E0010010", "instruction'ldr_pc_pc_24_e0010028_arm_vector_table_0x28_E0010008", "instruction'ldr_pc_pc_20_e0010034_arm_vector_table_0x34_E0010018", "instruction'ldr_pc_pc_4_e0010020_arm_vector_table_0x20_E0010014"]
Function 'arm_undefined_inst_exception' contains unhandled instructions:
  ["instruction'cps_19_E0010040", "instruction'srsia_sp_19_E001003C", "instruction'stmdb_sp_r0_r1_r2_r3_r4_r5_r6_r7_r8_r9_sl_fp_ip_sp_lr_E0010044"]
Function 'arm_data_abort_exception' contains unhandled instructions:
  ["instruction'cps_19_E00100BC", "instruction'stmdb_sp_r0_r1_r2_r3_r4_r5_r6_r7_r8_r9_sl_fp_ip_sp_lr_E00100C0", "instruction'srsia_sp_19_E00100B8"]
Function 'Kernel_C.supportsAsyncExceptions' contains unhandled instructions:
  ["asm_instruction'.fpu_vfp\\nvmsr_fpexc,_%0", "asm_instruction'.fpu_vfp\\nvmrs_%0,_fpexc"]
Function 'Kernel_C.clearEnFPEXC' contains unhandled instructions:
  ["asm_instruction'.fpu_vfp\\nvmsr_fpexc,_%0", "asm_instruction'.fpu_vfp\\nvmrs_%0,_fpexc"]
Function 'arm_irq_exception' contains unhandled instructions:
  ["instruction'stmdb_sp_r0_r1_r2_r3_r4_r5_r6_r7_r8_r9_sl_fp_ip_sp_lr_E00100F4", "instruction'cps_19_E00100F0", "instruction'srsia_sp_19_E00100EC"]
Function 'fpsimd_HWCapTest' contains unhandled instructions:
  ["instruction'vmrs_r3_fpexc_E0000C38", "instruction'vmsr_fpexc_r3_E0000C34", "instruction'vmrs_r3_fpexc_E0000C2C"]
Function '_start' contains unhandled instructions:
  ["instruction'cps_23_E0000034", "instruction'cps_19_E000003C"]
Function 'arm_prefetch_abort_exception' contains unhandled instructions:
  ["instruction'cps_19_E001008C", "instruction'stmdb_sp_r0_r1_r2_r3_r4_r5_r6_r7_r8_r9_sl_fp_ip_sp_lr_E0010090", "instruction'srsia_sp_19_E0010088"]
Function 'halt' contains unhandled instructions:
  ["instruction'cpsid_aif_E00109DC"]
Checking.
Checking 1 function pair problems
Testing Function pair Pairing (invokeTCB_WriteRegisters (ASM) <= Kernel_C.invokeTCB_WriteRegisters (C))
  (function pairing 1 of 1)
 .. built problem, finding proof
Discovered a loop relation for split points [60, 36]
  (in problem)
Now doing proof search in 60 init case in problem.
Discovered that points [13 (loop head)] can be bounded
  (in 60 init case in problem)
Discovered that points [168 (loop head)] can be bounded
  (in 60 init case in problem)
Now doing proof search in 60 loop case in problem.

**************************************
FATAL ERROR
Broken pipe

**************************************

Discovered a loop relation for split points [117, 194]
  (in 60 loop case in problem)
Now doing proof search in 117 init case in 60 loop case in problem.
Now doing proof search in 117 loop case in 60 loop case in problem.
ProofNode ('Split', ((60, (0, 1), [Expr ('Op', Type ('Word', 32), name = 'Plus', vals = [Expr ('Var', Type ('Word', 32), name = 'r0'), Expr ('Op', Type ('Word', 32), name = 'Times', vals = [Expr ('Op', Type ('Word', 32), name = 'Minus', vals = [Expr ('Num', Type ('Word', 32), val = 0), Expr ('Var', Type ('Word', 32), name = '%i')]), Expr ('Num', Type ('Word', 32), val = 4)])]), Expr ('Var', Type ('Word', 32), name = 'r13'), Expr ('Var', Type ('Word', 32), name = 'r10'), Expr ('Op', Type ('Word', 32), name = 'Plus', vals = [Expr ('Var', Type ('Word', 32), name = 'r12'), Expr ('Op', Type ('Word', 32), name = 'Times', vals = [Expr ('Op', Type ('Word', 32), name = 'Minus', vals = [Expr ('Num', Type ('Word', 32), val = 0), Expr ('Var', Type ('Word', 32), name = '%i')]), Expr ('Num', Type ('Word', 32), val = 4)])]), Expr ('Var', Type ('Word', 32), name = 'r6'), Expr ('Var', Type ('Word', 32), name = 'r8'), Expr ('Op', Type ('Word', 32), name = 'Plus', vals = [Expr ('Var', Type ('Word', 32), name = 'r3'), Expr ('Op', Type ('Word', 32), name = 'Times', vals = [Expr ('Op', Type ('Word', 32), name = 'Minus', vals = [Expr ('Num', Type ('Word', 32), val = 0), Expr ('Var', Type ('Word', 32), name = '%i')]), Expr ('Num', Type ('Word', 32), val = 1)])]), Expr ('Var', Type ('Word', 32), name = 'r11'), Expr ('Op', Type ('Word', 32), name = 'Plus', vals = [Expr ('Var', Type ('Word', 32), name = 'r5'), Expr ('Op', Type ('Word', 32), name = 'Times', vals = [Expr ('Op', Type ('Word', 32), name = 'Minus', vals = [Expr ('Num', Type ('Word', 32), val = 0), Expr ('Var', Type ('Word', 32), name = '%i')]), Expr ('Num', Type ('Word', 32), val = 4)])]), Expr ('Var', Type ('Word', 32), name = 'r7'), Expr ('Var', Type ('Word', 32), name = 'ret'), Expr ('Var', Type ('Word', 32), name = 'r1'), Expr ('Var', Type ('Word', 32), name = 'r2'), Expr ('Op', Type ('Builtin', 'Bool'), name = 'ROData', vals = [Expr ('Var', Type ('Builtin', 'Mem'), name = 'mem')]), Expr ('Op', Type ('Builtin', 'RelWrapper'), name = 'EqSelectiveWrapper', vals = [Expr ('Op', Type ('Builtin', 'RelWrapper'), name = 'StackWrapper', vals = [Expr ('Var', Type ('Word', 32), name = 'r13'), Expr ('Var', Type ('Builtin', 'Mem'), name = 'stack')]), Expr ('Op', Type ('Word', 32), name = 'Minus', vals = [Expr ('Num', Type ('Word', 32), val = 0), Expr ('Num', Type ('Word', 32), val = 0)]), Expr ('Num', Type ('Word', 32), val = 0)])]), (36, (0, 1), [Expr ('Var', Type ('Word', 32), name = 'buffer___ptr_to_unsigned_long#v'), Expr ('Op', Type ('Word', 32), name = 'Plus', vals = [Expr ('Var', Type ('Word', 32), name = 'loop#26#count'), Expr ('Op', Type ('Word', 32), name = 'Times', vals = [Expr ('Op', Type ('Word', 32), name = 'Minus', vals = [Expr ('Num', Type ('Word', 32), val = 0), Expr ('Var', Type ('Word', 32), name = '%i')]), Expr ('Num', Type ('Word', 32), val = 1)])]), Expr ('Var', Type ('Word', 32), name = 'dest___ptr_to_struct_tcb_C#v'), Expr ('Var', Type ('Word', 32), name = 'resumeTarget___unsigned_long#v'), Expr ('Var', Type ('Word', 32), name = 'n___unsigned_long#v'), Expr ('Op', Type ('Word', 32), name = 'Plus', vals = [Expr ('Var', Type ('Word', 32), name = 'i___unsigned_long#v'), Expr ('Op', Type ('Word', 32), name = 'Times', vals = [Expr ('Op', Type ('Word', 32), name = 'Minus', vals = [Expr ('Num', Type ('Word', 32), val = 0), Expr ('Var', Type ('Word', 32), name = '%i')]), Expr ('Op', Type ('Word', 32), name = 'WordCastSigned', vals = [Expr ('Num', Type ('Word', 32), val = 1)])])]), Expr ('Var', Type ('Word', 32), name = 'archInfo___unsigned_long#v'), Expr ('Var', Type ('WordArray', 50, 32), name = 'GhostAssertions')]), [(Expr ('Var', Type ('Builtin', 'Mem'), name = 'mem'), Expr ('Var', Type ('Builtin', 'Mem'), name = 'Mem'))], 2, 1), (ProofNode ('Restr', (60, ('Number', (0, 3))), (ProofNode ('Restr', (36, ('Number', (0, 3))), (ProofNode ('Restr', (13, ('Number', (0, 2))), (ProofNode ('Restr', (168, ('Number', (0, 1))), (ProofNode ('Leaf', None, ()),)),)),)),)), ProofNode ('Restr', (60, ('Offset', (0, 3))), (ProofNode ('Restr', (36, ('Offset', (0, 3))), (ProofNode ('Split', ((117, (0, 1), [Expr ('Op', Type ('Word', 32), name = 'Plus', vals = [Expr ('Var', Type ('Word', 32), name = 'r4'), Expr ('Op', Type ('Word', 32), name = 'Times', vals = [Expr ('Op', Type ('Word', 32), name = 'Minus', vals = [Expr ('Num', Type ('Word', 32), val = 0), Expr ('Var', Type ('Word', 32), name = '%i')]), Expr ('Num', Type ('Word', 32), val = 4)])]), Expr ('Var', Type ('Word', 32), name = 'r13'), Expr ('Var', Type ('Word', 32), name = 'r10'), Expr ('Var', Type ('Word', 32), name = 'r6'), Expr ('Var', Type ('Word', 32), name = 'r7'), Expr ('Op', Type ('Word', 32), name = 'Plus', vals = [Expr ('Var', Type ('Word', 32), name = 'r3'), Expr ('Op', Type ('Word', 32), name = 'Times', vals = [Expr ('Op', Type ('Word', 32), name = 'Minus', vals = [Expr ('Num', Type ('Word', 32), val = 0), Expr ('Var', Type ('Word', 32), name = '%i')]), Expr ('Num', Type ('Word', 32), val = 1)])]), Expr ('Var', Type ('Word', 32), name = 'r1'), Expr ('Op', Type ('Word', 32), name = 'Plus', vals = [Expr ('Var', Type ('Word', 32), name = 'r14'), Expr ('Op', Type ('Word', 32), name = 'Times', vals = [Expr ('Op', Type ('Word', 32), name = 'Minus', vals = [Expr ('Num', Type ('Word', 32), val = 0), Expr ('Var', Type ('Word', 32), name = '%i')]), Expr ('Num', Type ('Word', 32), val = 4)])]), Expr ('Var', Type ('Word', 32), name = 'r5'), Expr ('Var', Type ('Word', 32), name = 'ret'), Expr ('Var', Type ('Word', 32), name = 'r11'), Expr ('Var', Type ('Word', 32), name = 'r2'), Expr ('Op', Type ('Builtin', 'Bool'), name = 'ROData', vals = [Expr ('Var', Type ('Builtin', 'Mem'), name = 'mem')]), Expr ('Op', Type ('Builtin', 'RelWrapper'), name = 'EqSelectiveWrapper', vals = [Expr ('Op', Type ('Builtin', 'RelWrapper'), name = 'StackWrapper', vals = [Expr ('Var', Type ('Word', 32), name = 'r13'), Expr ('Var', Type ('Builtin', 'Mem'), name = 'stack')]), Expr ('Op', Type ('Word', 32), name = 'Minus', vals = [Expr ('Num', Type ('Word', 32), val = 0), Expr ('Num', Type ('Word', 32), val = 0)]), Expr ('Num', Type ('Word', 32), val = 0)])]), (194, (0, 1), [Expr ('Var', Type ('Word', 32), name = 'buffer___ptr_to_unsigned_long#v'), Expr ('Var', Type ('Word', 32), name = 'dest___ptr_to_struct_tcb_C#v'), Expr ('Var', Type ('Word', 32), name = 'archInfo___unsigned_long#v'), Expr ('Op', Type ('Word', 32), name = 'Plus', vals = [Expr ('Var', Type ('Word', 32), name = 'loop#13#count'), Expr ('Op', Type ('Word', 32), name = 'Times', vals = [Expr ('Op', Type ('Word', 32), name = 'Minus', vals = [Expr ('Num', Type ('Word', 32), val = 0), Expr ('Var', Type ('Word', 32), name = '%i')]), Expr ('Num', Type ('Word', 32), val = 1)])]), Expr ('Var', Type ('Word', 32), name = 'n___unsigned_long#v'), Expr ('Op', Type ('Word', 32), name = 'Plus', vals = [Expr ('Var', Type ('Word', 32), name = 'i___unsigned_long#v'), Expr ('Op', Type ('Word', 32), name = 'Times', vals = [Expr ('Op', Type ('Word', 32), name = 'Minus', vals = [Expr ('Num', Type ('Word', 32), val = 0), Expr ('Var', Type ('Word', 32), name = '%i')]), Expr ('Op', Type ('Word', 32), name = 'WordCastSigned', vals = [Expr ('Num', Type ('Word', 32), val = 1)])])]), Expr ('Var', Type ('Word', 32), name = 'thread___ptr_to_struct_tcb_C#v'), Expr ('Var', Type ('Word', 32), name = 'resumeTarget___unsigned_long#v'), Expr ('Var', Type ('WordArray', 50, 32), name = 'GhostAssertions.1')]), [(Expr ('Var', Type ('Builtin', 'Mem'), name = 'mem'), Expr ('Var', Type ('Builtin', 'Mem'), name = 'Mem.1')), (Expr ('Var', Type ('Word', 32), name = 'r0'), Expr ('Var', Type ('Word', 32), name = 'w___unsigned_long#v')), (Expr ('Var', Type ('Word', 32), name = 'r12'), Expr ('Var', Type ('Word', 32), name = 'reg___unsigned_long#v'))], 2, 1), (ProofNode ('Restr', (117, ('Number', (0, 3))), (ProofNode ('Restr', (194, ('Number', (0, 3))), (ProofNode ('Leaf', None, ()),)),)), ProofNode ('Restr', (117, ('Offset', (0, 3))), (ProofNode ('Restr', (194, ('Offset', (0, 3))), (ProofNode ('Leaf', None, ()),)),)))),)),))))
 .. proof found.
Step 1: 
  prove visits to 60 related to visits to 36
    with equalities
      ((Mem) ('mem')) (@ addr 60)
      = ((Mem) ('Mem')) (@ addr 36)
    and with invariants
      ((Word32) (('r0' + ((0 - '#seq-visits') * 4)))) (@ addr 60)
      ((Word32) ('r13')) (@ addr 60)
      ((Word32) ('r10')) (@ addr 60)
      ((Word32) (('r12' + ((0 - '#seq-visits') * 4)))) (@ addr 60)
      ((Word32) ('r6')) (@ addr 60)
      ((Word32) ('r8')) (@ addr 60)
      ((Word32) (('r3' + ((0 - '#seq-visits') * 1)))) (@ addr 60)
      ((Word32) ('r11')) (@ addr 60)
      ((Word32) (('r5' + ((0 - '#seq-visits') * 4)))) (@ addr 60)
      ((Word32) ('r7')) (@ addr 60)
      ((Word32) ('ret')) (@ addr 60)
      ((Word32) ('r1')) (@ addr 60)
      ((Word32) ('r2')) (@ addr 60)
      ((Bool) (ROData('mem'))) (@ addr 60)
      ((RelWrapper) (EqSelectiveWrapper(StackWrapper(((Word32) ('r13')), ((Mem) ('stack'))), ((Word32) ((0 - 0))), ((Word32) (0))))) (@ addr 60)
      ((Word32) ('buffer___ptr_to_unsigned_long#v')) (@ addr 36)
      ((Word32) (('loop#26#count' + ((0 - '#seq-visits') * 1)))) (@ addr 36)
      ((Word32) ('dest___ptr_to_struct_tcb_C#v')) (@ addr 36)
      ((Word32) ('resumeTarget___unsigned_long#v')) (@ addr 36)
      ((Word32) ('n___unsigned_long#v')) (@ addr 36)
      ((Word32) (('i___unsigned_long#v' + ((0 - '#seq-visits') * WordCastSigned(1))))) (@ addr 36)
      ((Word32) ('archInfo___unsigned_long#v')) (@ addr 36)
      ((Word32[50]) ('GhostAssertions')) (@ addr 36)
    .. proven.
Step 2: case in (1) where the length of the sequence < 2
  Prove the number of visits to 60 is in {0 ..< 3}
    .. proven.
Step 3: 
  Prove the number of visits to 36 is in {0 ..< 3}
    .. proven.
Step 4: 
  Prove the number of visits to 13 is in {0 ..< 2}
    .. proven.
Step 5: 
  Prove the number of visits to 168 is in {0 ..< 1}
    .. proven.
Step 6: 
  prove all verification conditions
    .. proven.
Step 7: case in (1) where the length of the sequence is i + 2
  Prove the number of visits to 60 is in {i + 0 ..< i + 3}
    .. proven.
Step 8: 
  Prove the number of visits to 36 is in {i + 0 ..< i + 3}
    .. proven.
Step 9: 
  prove visits to 117 related to visits to 194
    with equalities
      ((Mem) ('mem')) (@ addr 117)
      = ((Mem) ('Mem.1')) (@ addr 194)
      ((Word32) ('r0')) (@ addr 117)
      = ((Word32) ('w___unsigned_long#v')) (@ addr 194)
      ((Word32) ('r12')) (@ addr 117)
      = ((Word32) ('reg___unsigned_long#v')) (@ addr 194)
    and with invariants
      ((Word32) (('r4' + ((0 - '#seq-visits') * 4)))) (@ addr 117)
      ((Word32) ('r13')) (@ addr 117)
      ((Word32) ('r10')) (@ addr 117)
      ((Word32) ('r6')) (@ addr 117)
      ((Word32) ('r7')) (@ addr 117)
      ((Word32) (('r3' + ((0 - '#seq-visits') * 1)))) (@ addr 117)
      ((Word32) ('r1')) (@ addr 117)
      ((Word32) (('r14' + ((0 - '#seq-visits') * 4)))) (@ addr 117)
      ((Word32) ('r5')) (@ addr 117)
      ((Word32) ('ret')) (@ addr 117)
      ((Word32) ('r11')) (@ addr 117)
      ((Word32) ('r2')) (@ addr 117)
      ((Bool) (ROData('mem'))) (@ addr 117)
      ((RelWrapper) (EqSelectiveWrapper(StackWrapper(((Word32) ('r13')), ((Mem) ('stack'))), ((Word32) ((0 - 0))), ((Word32) (0))))) (@ addr 117)
      ((Word32) ('buffer___ptr_to_unsigned_long#v')) (@ addr 194)
      ((Word32) ('dest___ptr_to_struct_tcb_C#v')) (@ addr 194)
      ((Word32) ('archInfo___unsigned_long#v')) (@ addr 194)
      ((Word32) (('loop#13#count' + ((0 - '#seq-visits') * 1)))) (@ addr 194)
      ((Word32) ('n___unsigned_long#v')) (@ addr 194)
      ((Word32) (('i___unsigned_long#v' + ((0 - '#seq-visits') * WordCastSigned(1))))) (@ addr 194)
      ((Word32) ('thread___ptr_to_struct_tcb_C#v')) (@ addr 194)
      ((Word32) ('resumeTarget___unsigned_long#v')) (@ addr 194)
      ((Word32[50]) ('GhostAssertions.1')) (@ addr 194)
    .. proven.
Step 10: case in (9) where the length of the sequence < 2
  Prove the number of visits to 117 is in {0 ..< 3}
    .. proven.
Step 11: 
  Prove the number of visits to 194 is in {0 ..< 3}
    .. proven.
Step 12: 
  prove all verification conditions
    .. proven.
Step 13: case in (9) where the length of the sequence is j + 2
  Prove the number of visits to 117 is in {j + 0 ..< j + 3}
    .. proven.
Step 14: 
  Prove the number of visits to 194 is in {j + 0 ..< j + 3}
    .. proven.
Step 15: 
  prove all verification conditions
    .. proven.
Refinement proven.
Result True for pair Pairing (invokeTCB_WriteRegisters (ASM) <= Kernel_C.invokeTCB_WriteRegisters (C)), time taken: 801.51s
Results: [('Pairing (invokeTCB_WriteRegisters (ASM) <= Kernel_C.invokeTCB_WriteRegisters (C))', 'True')]
Result summary:
  - 1 proofs checked
  - 0 proofs skipped
  - 0.54% instructions covered
  - failures: []

real    13m33.255s
user    41m43.929s
sys     1m49.642s
building '/nix/store/cmiyzhbwgp7xlp7zaj57pfszfa9nvb5n-graph-refine.drv'...
Loading syntax from ./CFunctions.txt
Loaded 835 functions, 75 structs, 0 globals.
Loading syntax from ./ASMFunctions.txt
Missing nodes after calls to instruction'isb_sy_E0000C18
  in ['fpsimd_HWCapTest']
Missing nodes after calls to restore_user_context
  in ['slowpath', 'c_handle_data_fault', 'c_handle_interrupt', 'c_handle_undefined_instruction']
Missing nodes after calls to halt
  in ['activateThread', 'handleReply', 'arm_reset_exception', 'completeSignal', 'doFlush']
Missing nodes after calls to instruction'ldr_pc_pc_20_e0010038_arm_vector_table_0x38_E001001C
  in ['arm_vector_table']
Warning: dead arc in c_handle_syscall: 71 -> 3758164096
  (follows Basic node!)
Warning: dead arc in c_handle_syscall: 73 -> 3758164096
  (follows Basic node!)
Warning: dead arc in arm_fiq_exception: 7 -> 3758162208
  (follows Basic node!)
Warning: dead arc in arm_fiq_exception: 9 -> 3758162208
  (follows Basic node!)
Warning: dead arc in c_handle_instruction_fault: 3758162396 -> 3758162400
  (follows Basic node!)
Warning: dead arc in _start: 3758096388 -> 3758096392
  (follows Basic node!)
Loaded 491 functions, 0 structs, 0 globals.
Pseudo-Compiling.
Doing stack/inst logic.
Warning: asm instruction name: formatting: "asm_instruction'.word_0xeef00a10__\\nmov_%0,_r0________\\n"
Warning: asm instruction name: formatting: "asm_instruction'.word_0xeef00a10__\\nmov_%0,_r0________\\n"
Function 'init_kernel' contains unhandled instructions:
  ["instruction'vmsr_fpexc_r3_E0004B48", "instruction'vmrs_r3_fpexc_E0004B40"]
Function 'Arch_switchToThread' contains unhandled instructions:
  ["instruction'strex_r0_r1_r3_E0011338"]
Function 'Kernel_C.fpsimd_HWCapTest' contains unhandled instructions:
  ["asm_instruction'.word_0xeef00a10__\\nmov_%0,_r0________\\n"]
Function 'arm_vector_table' contains unhandled instructions:
  ["instruction'ldr_pc_pc_24_e0010020_arm_vector_table_0x20_E0010000", "instruction'ldr_pc_pc_24_e001002c_arm_vector_table_0x2c_E001000C", "instruction'ldr_pc_pc_20_e0010038_arm_vector_table_0x38_E001001C", "instruction'ldr_pc_pc_24_e0010024_arm_vector_table_0x24_E0010004", "instruction'ldr_pc_pc_24_e0010030_arm_vector_table_0x30_E0010010", "instruction'ldr_pc_pc_24_e0010028_arm_vector_table_0x28_E0010008", "instruction'ldr_pc_pc_20_e0010034_arm_vector_table_0x34_E0010018", "instruction'ldr_pc_pc_4_e0010020_arm_vector_table_0x20_E0010014"]
Function 'arm_undefined_inst_exception' contains unhandled instructions:
  ["instruction'cps_19_E0010040", "instruction'srsia_sp_19_E001003C", "instruction'stmdb_sp_r0_r1_r2_r3_r4_r5_r6_r7_r8_r9_sl_fp_ip_sp_lr_E0010044"]
Function 'arm_data_abort_exception' contains unhandled instructions:
  ["instruction'cps_19_E00100BC", "instruction'stmdb_sp_r0_r1_r2_r3_r4_r5_r6_r7_r8_r9_sl_fp_ip_sp_lr_E00100C0", "instruction'srsia_sp_19_E00100B8"]
Function 'Kernel_C.supportsAsyncExceptions' contains unhandled instructions:
  ["asm_instruction'.fpu_vfp\\nvmsr_fpexc,_%0", "asm_instruction'.fpu_vfp\\nvmrs_%0,_fpexc"]
Function 'Kernel_C.clearEnFPEXC' contains unhandled instructions:
  ["asm_instruction'.fpu_vfp\\nvmsr_fpexc,_%0", "asm_instruction'.fpu_vfp\\nvmrs_%0,_fpexc"]
Function 'arm_irq_exception' contains unhandled instructions:
  ["instruction'stmdb_sp_r0_r1_r2_r3_r4_r5_r6_r7_r8_r9_sl_fp_ip_sp_lr_E00100F4", "instruction'cps_19_E00100F0", "instruction'srsia_sp_19_E00100EC"]
Function 'fpsimd_HWCapTest' contains unhandled instructions:
  ["instruction'vmrs_r3_fpexc_E0000C38", "instruction'vmsr_fpexc_r3_E0000C34", "instruction'vmrs_r3_fpexc_E0000C2C"]
Function '_start' contains unhandled instructions:
  ["instruction'cps_23_E0000034", "instruction'cps_19_E000003C"]
Function 'arm_prefetch_abort_exception' contains unhandled instructions:
  ["instruction'cps_19_E001008C", "instruction'stmdb_sp_r0_r1_r2_r3_r4_r5_r6_r7_r8_r9_sl_fp_ip_sp_lr_E0010090", "instruction'srsia_sp_19_E0010088"]
Function 'halt' contains unhandled instructions:
  ["instruction'cpsid_aif_E00109DC"]
Checking.
Checking 1 function pair problems
Testing Function pair Pairing (decodeARMMMUInvocation (ASM) <= Kernel_C.decodeARMMMUInvocation (C))
  (function pairing 1 of 1)
 .. built problem, finding proof

**************************************
FATAL ERROR
Broken pipe

**************************************

Decided to case split at (356, 'ASM')
  (in problem)
Now doing proof search in true case (356 visited) in problem.
Now doing proof search in false case (356 not visited) in problem.
Decided to case split at (354, 'ASM')
  (in false case (356 not visited) in problem)
Now doing proof search in true case (354 visited) in false case (356 not visited) in problem.
Now doing proof search in false case (354 not visited) in false case (356 not visited) in problem.
Decided to case split at (989, 'ASM')
  (in false case (354 not visited) in false case (356 not visited) in problem)
Now doing proof search in true case (989 visited) in false case (354 not visited) in false case (356 not visited) in problem.

**************************************
FATAL ERROR
Broken pipe

**************************************


**************************************
FATAL ERROR
Broken pipe

**************************************


**************************************
FATAL ERROR
Broken pipe

**************************************

Discovered a loop relation for split points [1394, 4140]
  (in true case (989 visited) in false case (354 not visited) in false case (356 not visited) in problem)
Now doing proof search in 1394 init case in true case (989 visited) in false case (354 not visited) in false case (356 not visited) in problem.
Discovered that points [4066 (loop head)] can be bounded
  (in 1394 init case in true case (989 visited) in false case (354 not visited) in false case (356 not visited) in problem)
Decided to case split at (6679, 'ASM')
  (in 1394 init case in true case (989 visited) in false case (354 not visited) in false case (356 not visited) in problem)
Now doing proof search in true case (6679 visited) in 1394 init case in true case (989 visited) in false case (354 not visited) in false case (356 not visited) in problem.
Discovered that points [4012 (loop head)] can be bounded
  (in true case (6679 visited) in 1394 init case in true case (989 visited) in false case (354 not visited) in false case (356 not visited) in problem)
Discovered that points [3963 (loop head)] can be bounded
  (in true case (6679 visited) in 1394 init case in true case (989 visited) in false case (354 not visited) in false case (356 not visited) in problem)
Discovered that points [2383 (loop head)] can be bounded
  (in true case (6679 visited) in 1394 init case in true case (989 visited) in false case (354 not visited) in false case (356 not visited) in problem)
Now doing proof search in false case (6679 not visited) in 1394 init case in true case (989 visited) in false case (354 not visited) in false case (356 not visited) in problem.
Result ProofNoSplit for pair Pairing (decodeARMMMUInvocation (ASM) <= Kernel_C.decodeARMMMUInvocation (C)), time taken: 1780.83s
Results: [('Pairing (decodeARMMMUInvocation (ASM) <= Kernel_C.decodeARMMMUInvocation (C))', 'ProofNoSplit')]
Result summary:
  - 0 proofs checked
  - 0 proofs skipped
  - failures: ['Pairing (decodeARMMMUInvocation (ASM) <= Kernel_C.decodeARMMMUInvocation (C))']

real    29m53.304s
user    73m19.292s
sys     3m22.476s
building '/nix/store/dddnskj990q83z7cmwxm43phml65idax-graph-refine.drv'...
Loading syntax from ./CFunctions.txt
Loaded 835 functions, 75 structs, 0 globals.
Loading syntax from ./ASMFunctions.txt
Missing nodes after calls to instruction'isb_sy_E0000C18
  in ['fpsimd_HWCapTest']
Missing nodes after calls to restore_user_context
  in ['slowpath', 'c_handle_data_fault', 'c_handle_interrupt', 'c_handle_undefined_instruction']
Missing nodes after calls to halt
  in ['activateThread', 'handleReply', 'arm_reset_exception', 'completeSignal', 'doFlush']
Missing nodes after calls to instruction'ldr_pc_pc_20_e0010038_arm_vector_table_0x38_E001001C
  in ['arm_vector_table']
Warning: dead arc in c_handle_syscall: 71 -> 3758164096
  (follows Basic node!)
Warning: dead arc in c_handle_syscall: 73 -> 3758164096
  (follows Basic node!)
Warning: dead arc in arm_fiq_exception: 7 -> 3758162208
  (follows Basic node!)
Warning: dead arc in arm_fiq_exception: 9 -> 3758162208
  (follows Basic node!)
Warning: dead arc in c_handle_instruction_fault: 3758162396 -> 3758162400
  (follows Basic node!)
Warning: dead arc in _start: 3758096388 -> 3758096392
  (follows Basic node!)
Loaded 491 functions, 0 structs, 0 globals.
Pseudo-Compiling.
Doing stack/inst logic.
Warning: asm instruction name: formatting: "asm_instruction'.word_0xeef00a10__\\nmov_%0,_r0________\\n"
Warning: asm instruction name: formatting: "asm_instruction'.word_0xeef00a10__\\nmov_%0,_r0________\\n"
Function 'init_kernel' contains unhandled instructions:
  ["instruction'vmsr_fpexc_r3_E0004B48", "instruction'vmrs_r3_fpexc_E0004B40"]
Function 'Arch_switchToThread' contains unhandled instructions:
  ["instruction'strex_r0_r1_r3_E0011338"]
Function 'Kernel_C.fpsimd_HWCapTest' contains unhandled instructions:
  ["asm_instruction'.word_0xeef00a10__\\nmov_%0,_r0________\\n"]
Function 'arm_vector_table' contains unhandled instructions:
  ["instruction'ldr_pc_pc_24_e0010020_arm_vector_table_0x20_E0010000", "instruction'ldr_pc_pc_24_e001002c_arm_vector_table_0x2c_E001000C", "instruction'ldr_pc_pc_20_e0010038_arm_vector_table_0x38_E001001C", "instruction'ldr_pc_pc_24_e0010024_arm_vector_table_0x24_E0010004", "instruction'ldr_pc_pc_24_e0010030_arm_vector_table_0x30_E0010010", "instruction'ldr_pc_pc_24_e0010028_arm_vector_table_0x28_E0010008", "instruction'ldr_pc_pc_20_e0010034_arm_vector_table_0x34_E0010018", "instruction'ldr_pc_pc_4_e0010020_arm_vector_table_0x20_E0010014"]
Function 'arm_undefined_inst_exception' contains unhandled instructions:
  ["instruction'cps_19_E0010040", "instruction'srsia_sp_19_E001003C", "instruction'stmdb_sp_r0_r1_r2_r3_r4_r5_r6_r7_r8_r9_sl_fp_ip_sp_lr_E0010044"]
Function 'arm_data_abort_exception' contains unhandled instructions:
  ["instruction'cps_19_E00100BC", "instruction'stmdb_sp_r0_r1_r2_r3_r4_r5_r6_r7_r8_r9_sl_fp_ip_sp_lr_E00100C0", "instruction'srsia_sp_19_E00100B8"]
Function 'Kernel_C.supportsAsyncExceptions' contains unhandled instructions:
  ["asm_instruction'.fpu_vfp\\nvmsr_fpexc,_%0", "asm_instruction'.fpu_vfp\\nvmrs_%0,_fpexc"]
Function 'Kernel_C.clearEnFPEXC' contains unhandled instructions:
  ["asm_instruction'.fpu_vfp\\nvmsr_fpexc,_%0", "asm_instruction'.fpu_vfp\\nvmrs_%0,_fpexc"]
Function 'arm_irq_exception' contains unhandled instructions:
  ["instruction'stmdb_sp_r0_r1_r2_r3_r4_r5_r6_r7_r8_r9_sl_fp_ip_sp_lr_E00100F4", "instruction'cps_19_E00100F0", "instruction'srsia_sp_19_E00100EC"]
Function 'fpsimd_HWCapTest' contains unhandled instructions:
  ["instruction'vmrs_r3_fpexc_E0000C38", "instruction'vmsr_fpexc_r3_E0000C34", "instruction'vmrs_r3_fpexc_E0000C2C"]
Function '_start' contains unhandled instructions:
  ["instruction'cps_23_E0000034", "instruction'cps_19_E000003C"]
Function 'arm_prefetch_abort_exception' contains unhandled instructions:
  ["instruction'cps_19_E001008C", "instruction'stmdb_sp_r0_r1_r2_r3_r4_r5_r6_r7_r8_r9_sl_fp_ip_sp_lr_E0010090", "instruction'srsia_sp_19_E0010088"]
Function 'halt' contains unhandled instructions:
  ["instruction'cpsid_aif_E00109DC"]
Checking.
Checking 1 function pair problems
Testing Function pair Pairing (init_freemem (ASM) <= Kernel_C.init_freemem (C))
  (function pairing 1 of 1)
 .. built problem, finding proof
Discovered a loop relation for split points [410, 193]
  (in problem)
Now doing proof search in 410 init case in problem.
Discovered a loop relation for split points [413, 187]
  (in 410 init case in problem)
Now doing proof search in 413 init case in 410 init case in problem.
Discovered that points [177 (loop head)] can be bounded
  (in 413 init case in 410 init case in problem)
Discovered that points [150 (loop head)] can be bounded
  (in 413 init case in 410 init case in problem)
Discovered that points [425 (loop head)] can be bounded
  (in 413 init case in 410 init case in problem)

**************************************
FATAL ERROR
Broken pipe

**************************************

Discovered a loop relation for split points [294, 146]
  (in 413 init case in 410 init case in problem)
Now doing proof search in 294 init case in 413 init case in 410 init case in problem.
Discovered that points [70 (loop head)] can be bounded
  (in 294 init case in 413 init case in 410 init case in problem)
Discovered that points [59 (loop head)] can be bounded
  (in 294 init case in 413 init case in 410 init case in problem)
Discovered that points [36 (loop head)] can be bounded
  (in 294 init case in 413 init case in 410 init case in problem)
Discovered that points [3 (loop head)] can be bounded
  (in 294 init case in 413 init case in 410 init case in problem)
Discovered that points [532 (loop head)] can be bounded
  (in 294 init case in 413 init case in 410 init case in problem)
Discovered that points [553 (loop head)] can be bounded
  (in 294 init case in 413 init case in 410 init case in problem)
Discovered that points [576 (loop head)] can be bounded
  (in 294 init case in 413 init case in 410 init case in problem)
Discovered that points [638 (loop head)] can be bounded
  (in 294 init case in 413 init case in 410 init case in problem)
