these 3 derivations will be built:
  /nix/store/8kr06q3cxnbxcks9mn7jl5crim4pr4zb-graph-refine-inputs.drv
  /nix/store/z3jqm4d1sklxiy26xmqxflbi6p6kl5pg-graph-refine-just-stack-bounds.drv
  /nix/store/k755fq1vvxak9p28ql5ndn6b3gvv5r8b-graph-refine-all-with-new-solverlist.drv
building '/nix/store/8kr06q3cxnbxcks9mn7jl5crim4pr4zb-graph-refine-inputs.drv'...
unpacking sources
unpacking source archive /nix/store/1jyis2gwkbl7ar9kcb23rm3wz5q3zp92-src
source root is src
patching sources
patching script interpreter paths in .
./graph-refine/seL4-example/configure_default.sh: interpreter directive changed from "#! /bin/bash" to "/nix/store/lf0wpjrj8yx4gsmw2s3xfl58ixmqk8qa-bash-5.2-p15/bin/bash"
updateAutotoolsGnuConfigScriptsPhase
configuring
building
rm -rf target/ARM-O0/build
mkdir -p target/ARM-O0/build
cd target/ARM-O0/build && \
cmake -C /build/src/seL4/configs/ARM_verified.cmake \
        -DCROSS_COMPILER_PREFIX=arm-none-eabi- \
        -DCMAKE_TOOLCHAIN_FILE=/build/src/seL4/gcc.cmake \
        -DKernelDomainSchedule=/build/src/l4v/spec/cspec/c/config_sched.c \
        -DUMM_TYPES=/build/src/graph-refine/seL4-example/target/ARM-O0/build/umm_types.txt \
        -DCSPEC_DIR=/build/src/l4v/spec/cspec -DKernelOptimisation=-O0 \
        -G Ninja /build/src/seL4
loading initial cache file /build/src/seL4/configs/ARM_verified.cmake
-- platform imx6 supports multiple sub platforms, none was given
--   defaulting to: sabre
-- The C compiler identification is GNU 8.5.0
-- The ASM compiler identification is GNU
-- Found assembler: /nix/store/pfilkkpx1v47m3h5h002899ywpwq9c86-arm-none-eabi-stage-final-gcc-8.5.0/bin/arm-none-eabi-gcc
-- Detecting C compiler ABI info
-- Detecting C compiler ABI info - done
-- Check for working C compiler: /nix/store/pfilkkpx1v47m3h5h002899ywpwq9c86-arm-none-eabi-stage-final-gcc-8.5.0/bin/arm-none-eabi-gcc - skipped
-- Detecting C compile features
-- Detecting C compile features - done
-- /build/src/graph-refine/seL4-example/target/ARM-O0/build/gen_headers/plat/machine/devices_gen.h is out of date. Regenerating...
WARNING:root:Only mapping 4096/16384 bytes from node /soc/aips-bus@2100000/serial@21e8000, region 0. Set kernel_size in YAML to silence.
interrupts for device /soc/aips-bus@2100000/serial@21e8000
interrupts for device /soc/interrupt-controller@a01000
interrupts for device /soc/l2-cache@a02000
interrupts for device /soc/timer@a00600
-- Configuring done (0.5s)
-- Generating done (0.0s)
-- Build files have been written to: /build/src/graph-refine/seL4-example/target/ARM-O0/build
touch target/ARM-O0/build/.cmake_done
cd target/ARM-O0/build && ninja kernel_all_pp_wrapper
[3/21] Generate invocation header gen_headers/arch/api/sel4_invocation.h
/build/src/seL4/tools/invocation_header_gen.py:16: DeprecationWarning: pkg_resources is deprecated as an API. See https://setuptools.pypa.io/en/latest/pkg_resources.html
  import pkg_resources
[4/21] Generate invocation header gen_headers/api/invocation.h
/build/src/seL4/tools/invocation_header_gen.py:16: DeprecationWarning: pkg_resources is deprecated as an API. See https://setuptools.pypa.io/en/latest/pkg_resources.html
  import pkg_resources
[5/21] Generate invocation header gen_headers/arch/api/invocation.h
/build/src/seL4/tools/invocation_header_gen.py:16: DeprecationWarning: pkg_resources is deprecated as an API. See https://setuptools.pypa.io/en/latest/pkg_resources.html
  import pkg_resources
[6/21] Generate syscall invocations
/build/src/seL4/tools/syscall_header_gen.py:17: DeprecationWarning: pkg_resources is deprecated as an API. See https://setuptools.pypa.io/en/latest/pkg_resources.html
  import pkg_resources
[21/21] Generating kernel_all_pp.ckernel_i_wrapper_temp_lib.dir/kernel_all_copy.c.obj_target_11_pbf_temp.c.obj
cp -a target/ARM-O0/build/kernel_all_pp.c target/ARM-O0/build/kernel_all.c_pp
diff -q --ignore-matching-lines='^#' /build/src/l4v/spec/cspec/c/build/ARM/kernel_all.c_pp target/ARM-O0/build/kernel_all.c_pp
cd target/ARM-O0/build && ninja kernel.elf
[10/10] Linking C executable kernel.elf.elf.dir/kernel_all.c.objraps.S.objine_asm.S.obj
/nix/store/d7dj9mzmzkc3r5ybqp5hq6r3nz6xwwlj-arm-none-eabi-binutils-2.40/bin/arm-none-eabi-ld: warning: kernel.elf has a LOAD segment with RWX permissions
arm-none-eabi-objdump -z -D target/ARM-O0/build/kernel.elf > target/ARM-O0/build/kernel.elf.rodata
cp target/ARM-O0/build/kernel.elf.rodata target/ARM-O0/kernel.elf.rodata
arm-none-eabi-objdump -t target/ARM-O0/build/kernel.elf > target/ARM-O0/build/kernel.elf.symtab
cp target/ARM-O0/build/kernel.elf.symtab target/ARM-O0/kernel.elf.symtab
arm-none-eabi-objdump -dz target/ARM-O0/build/kernel.elf > target/ARM-O0/build/kernel.elf.txt
cp target/ARM-O0/build/kernel.elf.txt target/ARM-O0/kernel.elf.txt
MAKEFILES= make -C /build/src/l4v/tools/c-parser/standalone-parser standalone-cparser
make[1]: Entering directory '/build/src/l4v/tools/c-parser/standalone-parser'
make[1]: Nothing to be done for 'standalone-cparser'.
make[1]: Leaving directory '/build/src/l4v/tools/c-parser/standalone-parser'
/build/src/l4v/tools/c-parser/standalone-parser/c-parser ARM --underscore_idents --mmbytes target/ARM-O0/build/kernel_all.c_pp > target/ARM-O0/build/kernel.sigs.tmp
mv target/ARM-O0/build/kernel.sigs.tmp target/ARM-O0/build/kernel.sigs
cp target/ARM-O0/build/kernel.sigs target/ARM-O0/kernel.sigs
cd target/ARM-O0 && PATH=/build/src/HOL4/bin:/nix/store/i9dgn6ymv732q5gzw669y6y9zxsv3x2z-rsync-3.2.7/bin:/nix/store/whwwhd6ns271bj0ff86ap37i9r9kzi9c-git-2.42.0/bin:/nix/store/3nz3lxfn4yhcmgxrpbx8lbvk5d5bsmyx-perl-5.38.0/bin:/nix/store/9nv3dvvc4phxrpm3nhnpnqbajpk7jgh4-hostname-net-tools-2.10/bin:/nix/store/2icwb6ins2d88hszsabw2f3gxrpn9k7r-which-2.21/bin:/nix/store/5h0akwq4cwlc3yp92i84nfgcxpv5xv79-cmake-3.26.4/bin:/nix/store/jyk3j4632ldxsikjq0syjlj16i12jfsx-ninja-1.11.1/bin:/nix/store/1d44vbsz69iny0s668qipds6lsfspdd5-dtc-1.7.0/bin:/nix/store/9vzgjwxd7fqv30haynd17nhisa2n6j6q-libxml2-2.11.5-dev/bin:/nix/store/0c2jlyrxqsl6l09fq2r6051nv8f2i1dr-libxml2-2.11.5-bin/bin:/nix/store/x8a9x9qx8g9ynksv4sb1kwcxy00rfxy3-polyml/bin:/nix/store/dvk4g56mj6fsmv23fl2m6imzxxz31kdl-mlton-20180207/bin:/nix/store/y9bv8v5h4fm7imwbc1smjwixbgsj5zjq-python-2.7.18.7/bin:/nix/store/ffll6glz3gwx342z0ch8wx30p5cnqz1z-python3-3.11.5/bin:/nix/store/m9bqqxaycssqr9pr1zdm2scspwgvm3mv-python3.11-future-0.18.3/bin:/nix/store/zvidxcjzvqj5y77qczrk5yr2g25s4nx4-python3.11-babel-2.12.1/bin:/nix/store/sx35sjaq6pqxwnsyhnwm0v6zwcpzhgz6-python3.11-chardet-5.2.0/bin:/nix/store/9kv4kccqmfdybaggas50psdr7ch5cjw6-python3.11-pyaml-23.9.6/bin:/nix/store/9hphza2rv4wbf5vnd83dl8wwlx5vdbbb-python3.11-jsonschema-4.19.0/bin:/nix/store/3wpn1v3sgq6x3bpjf2nb99qkfvmy5c3c-python3.11-pyfdt-0.3/bin:/nix/store/a3dxidk3m4mqsxsc0hbfdf9163k1p49i-python3.11-cmake_format-0.4.5/bin:/nix/store/h66z6n2il8z2sywgfwr6al67lk4w86dj-python3.11-guardonce-2.4.0/bin:/nix/store/f7jbyj9gwhh91lnz14ph44fggz5l8hqn-python3.11-autopep8-1.4.3/bin:/nix/store/dvx8q8drlbcjnf2v731jrl36xbq5a0r6-python3.11-pycodestyle-2.11.0/bin:/nix/store/4bngkxfpm07d0bj00hcfncjiy6ww8fl8-python3.11-pyelftools-0.29/bin:/nix/store/pfilkkpx1v47m3h5h002899ywpwq9c86-arm-none-eabi-stage-final-gcc-8.5.0/bin:/nix/store/d7dj9mzmzkc3r5ybqp5hq6r3nz6xwwlj-arm-none-eabi-binutils-2.40/bin:/nix/store/znqwpxy9jlxcgi2ms2hga0ch87bbbr9g-patchelf-0.15.0/bin:/nix/store/zlzz2z48s7ry0hkl55xiqp5a73b4mzrg-gcc-wrapper-12.3.0/bin:/nix/store/0b9bsznqs6pdg42dxcwvrlmarjn2p6a1-gcc-12.3.0/bin:/nix/store/nvh3jgs8pqghnsfzbv28004xkigiw8gc-glibc-2.38-23-bin/bin:/nix/store/vwkvhj69z4qqgmpa2lwm97kabf12p26r-coreutils-9.3/bin:/nix/store/h8d2j0prdf7pnpgyrgkxrrbfwnmxbq6y-binutils-wrapper-2.40/bin:/nix/store/p58l5qmzifl20qmjs3xfpl01f0mqlza2-binutils-2.40/bin:/nix/store/vwkvhj69z4qqgmpa2lwm97kabf12p26r-coreutils-9.3/bin:/nix/store/qyzfglbrqb5ck0dgljplin2bvc4995w7-findutils-4.9.0/bin:/nix/store/x6y2i213maj6ibcn0qzgg7graif5qcvi-diffutils-3.10/bin:/nix/store/g5p3ky90xa05ggg5szyb0pbbl2vp7n03-gnused-4.9/bin:/nix/store/p2r51wfg9m3ga7pp7avslpfhfa7w5y83-gnugrep-3.11/bin:/nix/store/cmn958i8qym0qvmvydl23fh3bm3fbhl7-gawk-5.2.2/bin:/nix/store/f5qy259g9b4qh0hwz22z5j5bq3m53cpv-gnutar-1.35/bin:/nix/store/kmr52zpw7wazxywqvzgpdx0vnn9prd3v-gzip-1.13/bin:/nix/store/w1mar48lwkavwy64mvj567lwaqnm2l11-bzip2-1.0.8-bin/bin:/nix/store/9dh2csn531by6b1vr9jv85v4k17xwkid-gnumake-4.4.1/bin:/nix/store/lf0wpjrj8yx4gsmw2s3xfl58ixmqk8qa-bash-5.2-p15/bin:/nix/store/pinwlz7294p37d2sbkdpjildzxii42vv-patch-2.7.6/bin:/nix/store/skrzk0g88jf9rg28labqsyxv7gg357q1-xz-5.4.4-bin/bin:/nix/store/h5pshzq92r2xcv6w1p10cmkar4nyv0xp-file-5.45/bin /build/src/HOL4/examples/machine-code/graph/decompile.py --fast ./kernel --ignore=restore_user_context,c_handle_fastpath_call,c_handle_fastpath_reply_recv
Building dependencies ...done.
Decompiling /build/src/graph-refine/seL4-example/target/ARM-O0/kernel ... (output in /build/src/graph-refine/seL4-example/target/ARM-O0/kernel_output.txt)done.
Summary
=======

No stack intro failures.
Graph spec failed in _start for pos 0xe0000008.
Graph spec failed in _start for pos 0xe0000008.
No export failures.
No call offset failures.
> mv target/ARM-O0/kernel_mc_graph.txt target/ARM-O0/ASMFunctions.txt
# FIXME: the following path should really depend on L4V_FEATURES.
cp /build/src/l4v/proof/asmrefine/export/ARM/CFunDump.txt target/ARM-O0/CFunctions.txt
cp target.py target/ARM-O0/target.py
buildPhase completed in 1 hours 7 minutes 25 seconds
installing
building '/nix/store/z3jqm4d1sklxiy26xmqxflbi6p6kl5pg-graph-refine-just-stack-bounds.drv'...
Loading syntax from ./CFunctions.txt
Loaded 835 functions, 75 structs, 0 globals.
Loading syntax from ./ASMFunctions.txt
Missing nodes after calls to halt
  in ['arm_reset_exception']
Missing nodes after calls to idle_thread
  in ['halt']
Missing nodes after calls to restore_user_context
  in ['slowpath', 'c_handle_undefined_instruction', 'c_handle_vm_fault', 'c_handle_interrupt']
Missing nodes after calls to isb
  in ['fpsimd_HWCapTest']
Missing nodes after calls to c_handle_vm_fault
  in ['c_handle_data_fault']
Missing nodes after calls to instruction'ldr_pc_pc_20_e0010038_arm_vector_table_0x38_E001001C
  in ['arm_vector_table']
Warning: dead arc in c_handle_instruction_fault: 9 -> 3758166144
  (follows Basic node!)
Warning: dead arc in c_handle_instruction_fault: 11 -> 3758166144
  (follows Basic node!)
Warning: dead arc in arm_fiq_exception: 7 -> 3758162208
  (follows Basic node!)
Warning: dead arc in arm_fiq_exception: 9 -> 3758162208
  (follows Basic node!)
Warning: dead arc in c_handle_syscall: 3758162268 -> 3758162272
  (follows Basic node!)
Warning: dead arc in _start: 3758096388 -> 3758096392
  (follows Basic node!)
Loaded 791 functions, 0 structs, 0 globals.
Pseudo-Compiling.
Doing stack/inst logic.
Computing stack bounds.
Doing recursion analysis for function group:
  ['Kernel_C.deletingIRQHandler', 'Kernel_C.finaliseCap', 'Kernel_C.suspend', 'Kernel_C.cancelIPC', 'Kernel_C.cteDeleteOne']
Doing recursion analysis for function group:
  ['Kernel_C.reduceZombie', 'Kernel_C.cteDelete', 'Kernel_C.finaliseSlot']
Computed recursion limits.
Doing stack analysis for 'APFromVMRights'. (1 of 740)
Doing stack analysis for 'Arch_activateIdleThread'. (2 of 740)
Doing stack analysis for 'Arch_checkIRQ'. (3 of 740)
Doing stack analysis for 'Arch_configureIdleThread'. (4 of 740)
Doing stack analysis for 'Arch_createObject'. (5 of 740)
Doing stack analysis for 'Arch_decodeIRQControlInvocation'. (6 of 740)
Doing stack analysis for 'Arch_decodeInvocation'. (7 of 740)
Doing stack analysis for 'Arch_decodeTransfer'. (8 of 740)
Doing stack analysis for 'Arch_deriveCap'. (9 of 740)
Doing stack analysis for 'Arch_finaliseCap'. (10 of 740)
Doing stack analysis for 'Arch_finaliseInterrupt'. (11 of 740)
Doing stack analysis for 'Arch_getObjectSize'. (12 of 740)
Doing stack analysis for 'Arch_getSanitiseRegisterInfo'. (13 of 740)
Doing stack analysis for 'Arch_handleFaultReply'. (14 of 740)
Doing stack analysis for 'Arch_initContext'. (15 of 740)
Doing stack analysis for 'Arch_invokeIRQControl'. (16 of 740)
Doing stack analysis for 'Arch_isCapRevocable'. (17 of 740)
Doing stack analysis for 'Arch_isFrameType'. (18 of 740)
Doing stack analysis for 'Arch_maskCapRights'. (19 of 740)
Doing stack analysis for 'Arch_performTransfer'. (20 of 740)
Doing stack analysis for 'Arch_postCapDeletion'. (21 of 740)
Doing stack analysis for 'Arch_postModifyRegisters'. (22 of 740)
Doing stack analysis for 'Arch_prepareThreadDelete'. (23 of 740)
Doing stack analysis for 'Arch_sameObjectAs'. (24 of 740)
Doing stack analysis for 'Arch_sameRegionAs'. (25 of 740)
Doing stack analysis for 'Arch_setMRs_fault'. (26 of 740)
Doing stack analysis for 'Arch_switchToIdleThread'. (27 of 740)
Doing stack analysis for 'Arch_switchToThread'. (28 of 740)
Doing stack analysis for 'Arch_updateCapData'. (29 of 740)
Doing stack analysis for 'L2_cacheSync'. (30 of 740)
Doing stack analysis for 'Zombie_new'. (31 of 740)
Doing stack analysis for 'ackInterrupt'. (32 of 740)
Doing stack analysis for 'activateThread'. (33 of 740)
Doing stack analysis for 'activate_global_pd'. (34 of 740)
Doing stack analysis for 'addToBitmap'. (35 of 740)
Doing stack analysis for 'addrFromPPtr'. (36 of 740)
Doing stack analysis for 'alignUp'. (37 of 740)
Doing stack analysis for 'alloc_rootserver_obj'. (38 of 740)
Doing stack analysis for 'arch_c_entry_hook'. (39 of 740)
Doing stack analysis for 'arch_c_exit_hook'. (40 of 740)
Doing stack analysis for 'arch_clean_invalidate_L1_caches'. (41 of 740)
Doing stack analysis for 'arch_clean_invalidate_caches'. (42 of 740)
Doing stack analysis for 'arch_get_n_paging'. (43 of 740)
Doing stack analysis for 'arch_init_freemem'. (44 of 740)
Doing stack analysis for 'arm_errata'. (45 of 740)
Doing stack analysis for 'arm_load_thread_id'. (46 of 740)
Doing stack analysis for 'arm_save_thread_id'. (47 of 740)
Doing stack analysis for 'armv_contextSwitch'. (48 of 740)
Doing stack analysis for 'armv_contextSwitch_HWASID'. (49 of 740)
Doing stack analysis for 'armv_init_user_access'. (50 of 740)
Doing stack analysis for 'bi_finalise'. (51 of 740)
Doing stack analysis for 'bindNotification'. (52 of 740)
Doing stack analysis for 'branchFlush'. (53 of 740)
Doing stack analysis for 'branchFlushRange'. (54 of 740)
Doing stack analysis for 'c_entry_hook'. (55 of 740)
Doing stack analysis for 'c_exit_hook'. (56 of 740)
Doing stack analysis for 'c_handle_data_fault'. (57 of 740)
Doing stack analysis for 'c_handle_fastpath_call'. (58 of 740)
Doing stack analysis for 'c_handle_fastpath_reply_recv'. (59 of 740)
Doing stack analysis for 'c_handle_instruction_fault'. (60 of 740)
Doing stack analysis for 'c_handle_interrupt'. (61 of 740)
Doing stack analysis for 'c_handle_undefined_instruction'. (62 of 740)
Doing stack analysis for 'c_handle_vm_fault'. (63 of 740)
Doing stack analysis for 'calculate_extra_bi_size_bits'. (64 of 740)
Doing stack analysis for 'calculate_rootserver_size'. (65 of 740)
Doing stack analysis for 'cancelAllIPC'. (66 of 740)
Doing stack analysis for 'cancelAllSignals'. (67 of 740)
Doing stack analysis for 'cancelBadgedSends'. (68 of 740)
Doing stack analysis for 'cancelIPC'. (69 of 740)
Doing stack analysis for 'cancelSignal'. (70 of 740)
Doing stack analysis for 'capCyclicZombie'. (71 of 740)
Doing stack analysis for 'capRemovable'. (72 of 740)
Doing stack analysis for 'capSwapForDelete'. (73 of 740)
Doing stack analysis for 'capTransferFromWords'. (74 of 740)
Doing stack analysis for 'cap_asid_control_cap_new'. (75 of 740)
Doing stack analysis for 'cap_asid_pool_cap_get_capASIDBase'. (76 of 740)
Doing stack analysis for 'cap_asid_pool_cap_get_capASIDPool'. (77 of 740)
Doing stack analysis for 'cap_asid_pool_cap_new'. (78 of 740)
Doing stack analysis for 'cap_capType_equals'. (79 of 740)
Doing stack analysis for 'cap_cnode_cap_get_capCNodeGuard'. (80 of 740)
Doing stack analysis for 'cap_cnode_cap_get_capCNodeGuardSize'. (81 of 740)
Doing stack analysis for 'cap_cnode_cap_get_capCNodePtr'. (82 of 740)
Doing stack analysis for 'cap_cnode_cap_get_capCNodeRadix'. (83 of 740)
Doing stack analysis for 'cap_cnode_cap_new'. (84 of 740)
Doing stack analysis for 'cap_cnode_cap_set_capCNodeGuard'. (85 of 740)
Doing stack analysis for 'cap_cnode_cap_set_capCNodeGuardSize'. (86 of 740)
Doing stack analysis for 'cap_domain_cap_new'. (87 of 740)
Doing stack analysis for 'cap_endpoint_cap_get_capCanGrant'. (88 of 740)
Doing stack analysis for 'cap_endpoint_cap_get_capCanGrantReply'. (89 of 740)
Doing stack analysis for 'cap_endpoint_cap_get_capCanReceive'. (90 of 740)
Doing stack analysis for 'cap_endpoint_cap_get_capCanSend'. (91 of 740)
Doing stack analysis for 'cap_endpoint_cap_get_capEPBadge'. (92 of 740)
Doing stack analysis for 'cap_endpoint_cap_get_capEPPtr'. (93 of 740)
Doing stack analysis for 'cap_endpoint_cap_new'. (94 of 740)
Doing stack analysis for 'cap_endpoint_cap_set_capCanGrant'. (95 of 740)
Doing stack analysis for 'cap_endpoint_cap_set_capCanGrantReply'. (96 of 740)
Doing stack analysis for 'cap_endpoint_cap_set_capCanReceive'. (97 of 740)
Doing stack analysis for 'cap_endpoint_cap_set_capCanSend'. (98 of 740)
Doing stack analysis for 'cap_endpoint_cap_set_capEPBadge'. (99 of 740)
Doing stack analysis for 'cap_frame_cap_get_capFBasePtr'. (100 of 740)
Doing stack analysis for 'cap_frame_cap_get_capFIsDevice'. (101 of 740)
Doing stack analysis for 'cap_frame_cap_get_capFMappedASID'. (102 of 740)
Doing stack analysis for 'cap_frame_cap_get_capFMappedASIDHigh'. (103 of 740)
Doing stack analysis for 'cap_frame_cap_get_capFMappedASIDLow'. (104 of 740)
Doing stack analysis for 'cap_frame_cap_get_capFMappedAddress'. (105 of 740)
Doing stack analysis for 'cap_frame_cap_get_capFSize'. (106 of 740)
Doing stack analysis for 'cap_frame_cap_get_capFVMRights'. (107 of 740)
Doing stack analysis for 'cap_frame_cap_new'. (108 of 740)
Doing stack analysis for 'cap_frame_cap_set_capFMappedASID'. (109 of 740)
Doing stack analysis for 'cap_frame_cap_set_capFMappedASIDHigh'. (110 of 740)
Doing stack analysis for 'cap_frame_cap_set_capFMappedASIDLow'. (111 of 740)
Doing stack analysis for 'cap_frame_cap_set_capFMappedAddress'. (112 of 740)
Doing stack analysis for 'cap_frame_cap_set_capFVMRights'. (113 of 740)
Doing stack analysis for 'cap_get_archCapIsPhysical'. (114 of 740)
Doing stack analysis for 'cap_get_archCapPtr'. (115 of 740)
Doing stack analysis for 'cap_get_archCapSizeBits'. (116 of 740)
Doing stack analysis for 'cap_get_capIsPhysical'. (117 of 740)
Doing stack analysis for 'cap_get_capPtr'. (118 of 740)
Doing stack analysis for 'cap_get_capSizeBits'. (119 of 740)
Doing stack analysis for 'cap_get_capType'. (120 of 740)
Doing stack analysis for 'cap_irq_control_cap_new'. (121 of 740)
Doing stack analysis for 'cap_irq_handler_cap_get_capIRQ'. (122 of 740)
Doing stack analysis for 'cap_irq_handler_cap_new'. (123 of 740)
Doing stack analysis for 'cap_notification_cap_get_capNtfnBadge'. (124 of 740)
Doing stack analysis for 'cap_notification_cap_get_capNtfnCanReceive'. (125 of 740)
Doing stack analysis for 'cap_notification_cap_get_capNtfnCanSend'. (126 of 740)
Doing stack analysis for 'cap_notification_cap_get_capNtfnPtr'. (127 of 740)
Doing stack analysis for 'cap_notification_cap_new'. (128 of 740)
Doing stack analysis for 'cap_notification_cap_set_capNtfnBadge'. (129 of 740)
Doing stack analysis for 'cap_notification_cap_set_capNtfnCanReceive'. (130 of 740)
Doing stack analysis for 'cap_notification_cap_set_capNtfnCanSend'. (131 of 740)
Doing stack analysis for 'cap_null_cap_new'. (132 of 740)
Doing stack analysis for 'cap_page_directory_cap_get_capPDBasePtr'. (133 of 740)
Doing stack analysis for 'cap_page_directory_cap_get_capPDIsMapped'. (134 of 740)
Doing stack analysis for 'cap_page_directory_cap_get_capPDMappedASID'. (135 of 740)
Doing stack analysis for 'cap_page_directory_cap_new'. (136 of 740)
Doing stack analysis for 'cap_page_directory_cap_ptr_set_capPDIsMapped'. (137 of 740)
Doing stack analysis for 'cap_page_directory_cap_ptr_set_capPDMappedASID'. (138 of 740)
Doing stack analysis for 'cap_page_table_cap_get_capPTBasePtr'. (139 of 740)
Doing stack analysis for 'cap_page_table_cap_get_capPTIsMapped'. (140 of 740)
Doing stack analysis for 'cap_page_table_cap_get_capPTMappedASID'. (141 of 740)
Doing stack analysis for 'cap_page_table_cap_get_capPTMappedAddress'. (142 of 740)
Doing stack analysis for 'cap_page_table_cap_new'. (143 of 740)
Doing stack analysis for 'cap_page_table_cap_ptr_set_capPTIsMapped'. (144 of 740)
Doing stack analysis for 'cap_page_table_cap_set_capPTIsMapped'. (145 of 740)
Doing stack analysis for 'cap_page_table_cap_set_capPTMappedASID'. (146 of 740)
Doing stack analysis for 'cap_page_table_cap_set_capPTMappedAddress'. (147 of 740)
Doing stack analysis for 'cap_reply_cap_get_capReplyCanGrant'. (148 of 740)
Doing stack analysis for 'cap_reply_cap_get_capReplyMaster'. (149 of 740)
Doing stack analysis for 'cap_reply_cap_get_capTCBPtr'. (150 of 740)
Doing stack analysis for 'cap_reply_cap_new'. (151 of 740)
Doing stack analysis for 'cap_reply_cap_ptr_new_np'. (152 of 740)
Doing stack analysis for 'cap_reply_cap_set_capReplyCanGrant'. (153 of 740)
Doing stack analysis for 'cap_small_frame_cap_get_capFBasePtr'. (154 of 740)
Doing stack analysis for 'cap_small_frame_cap_get_capFIsDevice'. (155 of 740)
Doing stack analysis for 'cap_small_frame_cap_get_capFMappedASID'. (156 of 740)
Doing stack analysis for 'cap_small_frame_cap_get_capFMappedASIDHigh'. (157 of 740)
Doing stack analysis for 'cap_small_frame_cap_get_capFMappedASIDLow'. (158 of 740)
Doing stack analysis for 'cap_small_frame_cap_get_capFMappedAddress'. (159 of 740)
Doing stack analysis for 'cap_small_frame_cap_get_capFVMRights'. (160 of 740)
Doing stack analysis for 'cap_small_frame_cap_new'. (161 of 740)
Doing stack analysis for 'cap_small_frame_cap_set_capFMappedASID'. (162 of 740)
Doing stack analysis for 'cap_small_frame_cap_set_capFMappedASIDHigh'. (163 of 740)
Doing stack analysis for 'cap_small_frame_cap_set_capFMappedASIDLow'. (164 of 740)
Doing stack analysis for 'cap_small_frame_cap_set_capFMappedAddress'. (165 of 740)
Doing stack analysis for 'cap_small_frame_cap_set_capFVMRights'. (166 of 740)
Doing stack analysis for 'cap_thread_cap_get_capTCBPtr'. (167 of 740)
Doing stack analysis for 'cap_thread_cap_new'. (168 of 740)
Doing stack analysis for 'cap_untyped_cap_get_capBlockSize'. (169 of 740)
Doing stack analysis for 'cap_untyped_cap_get_capFreeIndex'. (170 of 740)
Doing stack analysis for 'cap_untyped_cap_get_capIsDevice'. (171 of 740)
Doing stack analysis for 'cap_untyped_cap_get_capPtr'. (172 of 740)
Doing stack analysis for 'cap_untyped_cap_new'. (173 of 740)
Doing stack analysis for 'cap_untyped_cap_ptr_set_capFreeIndex'. (174 of 740)
Doing stack analysis for 'cap_untyped_cap_set_capFreeIndex'. (175 of 740)
Doing stack analysis for 'cap_zombie_cap_get_capZombieBits'. (176 of 740)
Doing stack analysis for 'cap_zombie_cap_get_capZombieID'. (177 of 740)
Doing stack analysis for 'cap_zombie_cap_get_capZombieNumber'. (178 of 740)
Doing stack analysis for 'cap_zombie_cap_get_capZombiePtr'. (179 of 740)
Doing stack analysis for 'cap_zombie_cap_get_capZombieType'. (180 of 740)
Doing stack analysis for 'cap_zombie_cap_new'. (181 of 740)
Doing stack analysis for 'cap_zombie_cap_set_capZombieID'. (182 of 740)
Doing stack analysis for 'cap_zombie_cap_set_capZombieNumber'. (183 of 740)
Doing stack analysis for 'ceiling_kernel_window'. (184 of 740)
Doing stack analysis for 'char_to_long'. (185 of 740)
Doing stack analysis for 'checkPrio'. (186 of 740)
Doing stack analysis for 'checkVPAlignment'. (187 of 740)
Doing stack analysis for 'checkValidIPCBuffer'. (188 of 740)
Doing stack analysis for 'check_export_arch_timer'. (189 of 740)
Doing stack analysis for 'check_export_pmu'. (190 of 740)
Doing stack analysis for 'chooseThread'. (191 of 740)
Doing stack analysis for 'cleanByVA'. (192 of 740)
Doing stack analysis for 'cleanByVA_PoU'. (193 of 740)
Doing stack analysis for 'cleanByWSL'. (194 of 740)
Doing stack analysis for 'cleanCacheRange_PoC'. (195 of 740)
Doing stack analysis for 'cleanCacheRange_PoU'. (196 of 740)
Doing stack analysis for 'cleanCacheRange_RAM'. (197 of 740)
Doing stack analysis for 'cleanCaches_PoU'. (198 of 740)
Doing stack analysis for 'cleanInvalByVA'. (199 of 740)
Doing stack analysis for 'cleanInvalidateByWSL'. (200 of 740)
Doing stack analysis for 'cleanInvalidateCacheRange_RAM'. (201 of 740)
Doing stack analysis for 'cleanInvalidateL1Caches'. (202 of 740)
Doing stack analysis for 'cleanInvalidate_D_PoC'. (203 of 740)
Doing stack analysis for 'cleanInvalidate_D_by_level'. (204 of 740)
Aborting Problem (Function (cleanInvalidate_D_by_level)), complex loop
Doing stack analysis for 'cleanInvalidate_L1D'. (205 of 740)
Doing stack analysis for 'clean_D_PoU'. (206 of 740)
Aborting Problem (Function (clean_D_PoU)), complex loop
Doing stack analysis for 'clearEnFPEXC'. (207 of 740)
Doing stack analysis for 'clearExMonitor'. (208 of 740)
Doing stack analysis for 'clearExMonitor_fp'. (209 of 740)
Doing stack analysis for 'clearMemory'. (210 of 740)
Doing stack analysis for 'clzl'. (211 of 740)
Doing stack analysis for 'completeSignal'. (212 of 740)
Doing stack analysis for 'configureIdleThread'. (213 of 740)
Doing stack analysis for 'copyGlobalMappings'. (214 of 740)
Doing stack analysis for 'copyMRs'. (215 of 740)
Doing stack analysis for 'copyMRsFault'. (216 of 740)
Doing stack analysis for 'copyMRsFaultReply'. (217 of 740)
Doing stack analysis for 'cpu_iface_init'. (218 of 740)
Doing stack analysis for 'cpu_initLocalIRQController'. (219 of 740)
Doing stack analysis for 'createNewObjects'. (220 of 740)
Doing stack analysis for 'createObject'. (221 of 740)
Doing stack analysis for 'createSafeMappingEntries_PDE'. (222 of 740)
Doing stack analysis for 'createSafeMappingEntries_PTE'. (223 of 740)
Doing stack analysis for 'create_bi_frame_cap'. (224 of 740)
Doing stack analysis for 'create_device_untypeds'. (225 of 740)
Doing stack analysis for 'create_domain_cap'. (226 of 740)
Doing stack analysis for 'create_frames_of_region'. (227 of 740)
Doing stack analysis for 'create_idle_thread'. (228 of 740)
Doing stack analysis for 'create_initial_thread'. (229 of 740)
Doing stack analysis for 'create_ipcbuf_frame_cap'. (230 of 740)
Doing stack analysis for 'create_it_address_space'. (231 of 740)
Doing stack analysis for 'create_it_asid_pool'. (232 of 740)
Doing stack analysis for 'create_it_frame_cap'. (233 of 740)
Doing stack analysis for 'create_it_page_table_cap'. (234 of 740)
Doing stack analysis for 'create_kernel_untypeds'. (235 of 740)
Doing stack analysis for 'create_mapped_it_frame_cap'. (236 of 740)
Doing stack analysis for 'create_root_cnode'. (237 of 740)
Doing stack analysis for 'create_rootserver_objects'. (238 of 740)
Doing stack analysis for 'create_unmapped_it_frame_cap'. (239 of 740)
Doing stack analysis for 'create_untypeds'. (240 of 740)
Doing stack analysis for 'create_untypeds_for_region'. (241 of 740)
Doing stack analysis for 'cteDelete'. (242 of 740)
Doing stack analysis for 'cteDeleteOne'. (243 of 740)
Doing stack analysis for 'cteInsert'. (244 of 740)
Doing stack analysis for 'cteMove'. (245 of 740)
Doing stack analysis for 'cteRevoke'. (246 of 740)
Doing stack analysis for 'cteSwap'. (247 of 740)
Doing stack analysis for 'ctzl'. (248 of 740)
Doing stack analysis for 'decodeARMFrameInvocation'. (249 of 740)
Doing stack analysis for 'decodeARMMMUInvocation'. (250 of 740)
Doing stack analysis for 'decodeARMPageDirectoryInvocation'. (251 of 740)
Doing stack analysis for 'decodeARMPageTableInvocation'. (252 of 740)
Doing stack analysis for 'decodeBindNotification'. (253 of 740)
Doing stack analysis for 'decodeCNodeInvocation'. (254 of 740)
Doing stack analysis for 'decodeCopyRegisters'. (255 of 740)
Doing stack analysis for 'decodeDomainInvocation'. (256 of 740)
Doing stack analysis for 'decodeIRQControlInvocation'. (257 of 740)
Doing stack analysis for 'decodeIRQHandlerInvocation'. (258 of 740)
Doing stack analysis for 'decodeInvocation'. (259 of 740)
Doing stack analysis for 'decodeReadRegisters'. (260 of 740)
Doing stack analysis for 'decodeSetIPCBuffer'. (261 of 740)
Doing stack analysis for 'decodeSetMCPriority'. (262 of 740)
Doing stack analysis for 'decodeSetPriority'. (263 of 740)
Doing stack analysis for 'decodeSetSchedParams'. (264 of 740)
Doing stack analysis for 'decodeSetSpace'. (265 of 740)
Doing stack analysis for 'decodeSetTLSBase'. (266 of 740)
Doing stack analysis for 'decodeTCBConfigure'. (267 of 740)
Doing stack analysis for 'decodeTCBInvocation'. (268 of 740)
Doing stack analysis for 'decodeUnbindNotification'. (269 of 740)
Doing stack analysis for 'decodeUntypedInvocation'. (270 of 740)
Doing stack analysis for 'decodeWriteRegisters'. (271 of 740)
Doing stack analysis for 'deleteASID'. (272 of 740)
Doing stack analysis for 'deleteASIDPool'. (273 of 740)
Doing stack analysis for 'deleteCallerCap'. (274 of 740)
Doing stack analysis for 'deletedIRQHandler'. (275 of 740)
Doing stack analysis for 'deletingIRQHandler'. (276 of 740)
Doing stack analysis for 'deriveCap'. (277 of 740)
Doing stack analysis for 'disableFpu'. (278 of 740)
Doing stack analysis for 'dist_enable_clr'. (279 of 740)
Doing stack analysis for 'dist_enable_set'. (280 of 740)
Doing stack analysis for 'dist_init'. (281 of 740)
Doing stack analysis for 'dist_pending_clr'. (282 of 740)
Doing stack analysis for 'dmb'. (283 of 740)
Doing stack analysis for 'doFaultTransfer'. (284 of 740)
Doing stack analysis for 'doFlush'. (285 of 740)
Doing stack analysis for 'doIPCTransfer'. (286 of 740)
Doing stack analysis for 'doNBRecvFailedTransfer'. (287 of 740)
Doing stack analysis for 'doNormalTransfer'. (288 of 740)
Doing stack analysis for 'doReplyTransfer'. (289 of 740)
Doing stack analysis for 'doUnbindNotification'. (290 of 740)
Doing stack analysis for 'dsb'. (291 of 740)
Doing stack analysis for 'emptySlot'. (292 of 740)
Doing stack analysis for 'endpoint_ptr_get_epQueue_head'. (293 of 740)
Doing stack analysis for 'endpoint_ptr_get_epQueue_tail'. (294 of 740)
Doing stack analysis for 'endpoint_ptr_get_state'. (295 of 740)
Doing stack analysis for 'endpoint_ptr_mset_epQueue_tail_state'. (296 of 740)
Doing stack analysis for 'endpoint_ptr_set_epQueue_head'. (297 of 740)
Doing stack analysis for 'endpoint_ptr_set_epQueue_head_np'. (298 of 740)
Doing stack analysis for 'endpoint_ptr_set_epQueue_tail'. (299 of 740)
Doing stack analysis for 'endpoint_ptr_set_state'. (300 of 740)
Doing stack analysis for 'ensureEmptySlot'. (301 of 740)
Doing stack analysis for 'ensureNoChildren'. (302 of 740)
Doing stack analysis for 'ep_ptr_get_queue'. (303 of 740)
Doing stack analysis for 'ep_ptr_set_queue'. (304 of 740)
Doing stack analysis for 'fastpath_copy_mrs'. (305 of 740)
Doing stack analysis for 'fastpath_mi_check'. (306 of 740)
Doing stack analysis for 'fastpath_reply_cap_check'. (307 of 740)
Doing stack analysis for 'finaliseCap'. (308 of 740)
Doing stack analysis for 'finaliseSlot'. (309 of 740)
Doing stack analysis for 'findFreeHWASID'. (310 of 740)
Doing stack analysis for 'findPDForASID'. (311 of 740)
Doing stack analysis for 'flushPage'. (312 of 740)
Doing stack analysis for 'flushSpace'. (313 of 740)
Doing stack analysis for 'flushTable'. (314 of 740)
Doing stack analysis for 'fpsimd_HWCapTest'. (315 of 740)
Doing stack analysis for 'generic_frame_cap_get_capFBasePtr'. (316 of 740)
Doing stack analysis for 'generic_frame_cap_get_capFIsDevice'. (317 of 740)
Doing stack analysis for 'generic_frame_cap_get_capFIsMapped'. (318 of 740)
Doing stack analysis for 'generic_frame_cap_get_capFMappedASID'. (319 of 740)
Doing stack analysis for 'generic_frame_cap_get_capFMappedAddress'. (320 of 740)
Doing stack analysis for 'generic_frame_cap_get_capFSize'. (321 of 740)
Doing stack analysis for 'generic_frame_cap_get_capFVMRights'. (322 of 740)
Doing stack analysis for 'generic_frame_cap_ptr_set_capFMappedAddress'. (323 of 740)
Doing stack analysis for 'generic_frame_cap_set_capFMappedAddress'. (324 of 740)
Doing stack analysis for 'getActiveIRQ'. (325 of 740)
Doing stack analysis for 'getDFSR'. (326 of 740)
Doing stack analysis for 'getExtraCPtr'. (327 of 740)
Doing stack analysis for 'getFAR'. (328 of 740)
Doing stack analysis for 'getHWASID'. (329 of 740)
Doing stack analysis for 'getHighestPrio'. (330 of 740)
Doing stack analysis for 'getIFSR'. (331 of 740)
Doing stack analysis for 'getObjectSize'. (332 of 740)
Doing stack analysis for 'getReceiveSlots'. (333 of 740)
Doing stack analysis for 'getRegister'. (334 of 740)
Doing stack analysis for 'getRestartPC'. (335 of 740)
Doing stack analysis for 'getSyscallArg'. (336 of 740)
Doing stack analysis for 'get_avail_p_regs'. (337 of 740)
Doing stack analysis for 'get_n_paging'. (338 of 740)
Doing stack analysis for 'get_num_avail_p_regs'. (339 of 740)
Doing stack analysis for 'halt'. (340 of 740)
Doing stack analysis for 'handleDoubleFault'. (341 of 740)
Doing stack analysis for 'handleFault'. (342 of 740)
Doing stack analysis for 'handleFaultReply'. (343 of 740)
Doing stack analysis for 'handleInterrupt'. (344 of 740)
Doing stack analysis for 'handleInterruptEntry'. (345 of 740)
Doing stack analysis for 'handleInvocation'. (346 of 740)
Doing stack analysis for 'handleRecv'. (347 of 740)
Doing stack analysis for 'handleReply'. (348 of 740)
Doing stack analysis for 'handleReservedIRQ'. (349 of 740)
Doing stack analysis for 'handleSpuriousIRQ'. (350 of 740)
Doing stack analysis for 'handleSyscall'. (351 of 740)
Doing stack analysis for 'handleUnknownSyscall'. (352 of 740)
Doing stack analysis for 'handleUserLevelFault'. (353 of 740)
Doing stack analysis for 'handleVMFault'. (354 of 740)
Doing stack analysis for 'handleVMFaultEvent'. (355 of 740)
Doing stack analysis for 'handleYield'. (356 of 740)
Doing stack analysis for 'hasCancelSendRights'. (357 of 740)
Doing stack analysis for 'idle_thread'. (358 of 740)
Doing stack analysis for 'infer_cpu_gic_id'. (359 of 740)
Doing stack analysis for 'initIRQController'. (360 of 740)
Doing stack analysis for 'initL2Cache'. (361 of 740)
Doing stack analysis for 'initTimer'. (362 of 740)
Doing stack analysis for 'init_core_state'. (363 of 740)
Doing stack analysis for 'init_cpu'. (364 of 740)
Doing stack analysis for 'init_freemem'. (365 of 740)
Doing stack analysis for 'init_irqs'. (366 of 740)
Doing stack analysis for 'init_kernel'. (367 of 740)
Doing stack analysis for 'init_plat'. (368 of 740)
Doing stack analysis for 'insertNewCap'. (369 of 740)
Doing stack analysis for 'insert_region'. (370 of 740)
Doing stack analysis for "instruction'cpsid_aif_E00181D4". (371 of 740)
Doing stack analysis for "instruction'dmb_sy_E00162FC". (372 of 740)
Doing stack analysis for "instruction'dsb_sy_E00162E0". (373 of 740)
Doing stack analysis for "instruction'isb_sy_E0016318". (374 of 740)
Doing stack analysis for "instruction'mcr_15_0_r0_cr10_cr1_0_E0011094". (375 of 740)
Doing stack analysis for "instruction'mcr_15_0_r0_cr10_cr1_1_E0011088". (376 of 740)
Doing stack analysis for "instruction'mcr_15_0_r0_cr8_cr7_1_E0011080". (377 of 740)
Doing stack analysis for "instruction'mcr_15_0_r1_cr10_cr0_0_E0011090". (378 of 740)
Doing stack analysis for "instruction'mcr_15_0_r1_cr10_cr0_1_E0011084". (379 of 740)
Doing stack analysis for "instruction'mcr_15_0_r2_cr10_cr0_0_E0011098". (380 of 740)
Doing stack analysis for "instruction'mcr_15_0_r2_cr10_cr0_1_E001108C". (381 of 740)
Doing stack analysis for "instruction'mcr_15_0_r3_cr13_cr0_1_E0016364". (382 of 740)
Doing stack analysis for "instruction'mcr_15_0_r3_cr13_cr0_2_E00163E8". (383 of 740)
Doing stack analysis for "instruction'mcr_15_0_r3_cr13_cr0_3_E0016438". (384 of 740)
Doing stack analysis for "instruction'mcr_15_0_r3_cr13_cr0_4_E0016488". (385 of 740)
Doing stack analysis for "instruction'mcr_15_0_r3_cr14_cr1_0_E001D6E4". (386 of 740)
Doing stack analysis for "instruction'mcr_15_0_r3_cr1_cr0_2_E0000B7C". (387 of 740)
Doing stack analysis for "instruction'mcr_15_0_r3_cr2_cr0_0_E001638C". (388 of 740)
Doing stack analysis for "instruction'mcr_15_0_r3_cr7_cr10_1_E0016624". (389 of 740)
Doing stack analysis for "instruction'mcr_15_0_r3_cr7_cr10_2_E001D260". (390 of 740)
Doing stack analysis for "instruction'mcr_15_0_r3_cr7_cr11_1_E0016650". (391 of 740)
Doing stack analysis for "instruction'mcr_15_0_r3_cr7_cr14_1_E00166F0". (392 of 740)
Doing stack analysis for "instruction'mcr_15_0_r3_cr7_cr14_2_E001D288". (393 of 740)
Doing stack analysis for "instruction'mcr_15_0_r3_cr7_cr5_0_E00166C8". (394 of 740)
Doing stack analysis for "instruction'mcr_15_0_r3_cr7_cr5_1_E00166A8". (395 of 740)
Doing stack analysis for "instruction'mcr_15_0_r3_cr7_cr5_7_E001671C". (396 of 740)
Doing stack analysis for "instruction'mcr_15_0_r3_cr7_cr6_1_E001667C". (397 of 740)
Doing stack analysis for "instruction'mcr_15_0_r3_cr8_cr7_0_E0016594". (398 of 740)
Doing stack analysis for "instruction'mcr_15_0_r3_cr8_cr7_1_E00165F4". (399 of 740)
Doing stack analysis for "instruction'mcr_15_0_r3_cr8_cr7_2_E00165C4". (400 of 740)
Doing stack analysis for "instruction'mcr_15_2_r3_cr0_cr0_0_E001D2F4". (401 of 740)
Doing stack analysis for "instruction'mcr_15_2_r3_cr0_cr0_0_E001D304". (402 of 740)
Doing stack analysis for "instruction'mrc_15_0_r3_cr0_cr1_1_E001D720". (403 of 740)
Doing stack analysis for "instruction'mrc_15_0_r3_cr0_cr1_2_E001D704". (404 of 740)
Doing stack analysis for "instruction'mrc_15_0_r3_cr13_cr0_2_E0016408". (405 of 740)
Doing stack analysis for "instruction'mrc_15_0_r3_cr13_cr0_3_E0016458". (406 of 740)
Doing stack analysis for "instruction'mrc_15_0_r3_cr1_cr0_2_E0000B5C". (407 of 740)
Doing stack analysis for "instruction'mrc_15_0_r3_cr5_cr0_0_E0016764". (408 of 740)
Doing stack analysis for "instruction'mrc_15_0_r3_cr5_cr0_1_E001673C". (409 of 740)
Doing stack analysis for "instruction'mrc_15_0_r3_cr6_cr0_0_E001678C". (410 of 740)
Doing stack analysis for "instruction'mrc_15_1_r3_cr0_cr0_0_E001D2F8". (411 of 740)
Doing stack analysis for "instruction'mrc_15_1_r3_cr0_cr0_1_E001D2A8". (412 of 740)
Doing stack analysis for "instruction'mrc_15_2_r3_cr0_cr0_0_E001D2D8". (413 of 740)
Doing stack analysis for "instruction'strex_r0_r1_r3_E001633C". (414 of 740)
Doing stack analysis for "instruction'strex_r3_r2_r2_E0017FD8". (415 of 740)
Doing stack analysis for "instruction'vmrs_r3_fpexc_E0000B08". (416 of 740)
Doing stack analysis for "instruction'vmrs_r3_fpexc_E0000B2C". (417 of 740)
Doing stack analysis for "instruction'vmrs_r3_fpexc_E0017F64". (418 of 740)
Doing stack analysis for "instruction'vmsr_fpexc_r3_E0000B28". (419 of 740)
Doing stack analysis for "instruction'vmsr_fpexc_r3_E0017F84". (420 of 740)
Doing stack analysis for "instruction'wfi_E00181C4". (421 of 740)
Doing stack analysis for 'invalidateASID'. (422 of 740)
Doing stack analysis for 'invalidateASIDEntry'. (423 of 740)
Doing stack analysis for 'invalidateByVA'. (424 of 740)
Doing stack analysis for 'invalidateByVA_I'. (425 of 740)
Doing stack analysis for 'invalidateCacheRange_I'. (426 of 740)
Doing stack analysis for 'invalidateCacheRange_RAM'. (427 of 740)
Doing stack analysis for 'invalidateLocalTLB'. (428 of 740)
Doing stack analysis for 'invalidateLocalTLB_ASID'. (429 of 740)
Doing stack analysis for 'invalidateLocalTLB_VAASID'. (430 of 740)
Doing stack analysis for 'invalidateTLBByASID'. (431 of 740)
Doing stack analysis for 'invalidateTranslationASID'. (432 of 740)
Doing stack analysis for 'invalidateTranslationASIDLocal'. (433 of 740)
Doing stack analysis for 'invalidateTranslationSingle'. (434 of 740)
Doing stack analysis for 'invalidateTranslationSingleLocal'. (435 of 740)
Doing stack analysis for 'invalidate_I_PoU'. (436 of 740)
Doing stack analysis for 'invert_l1index'. (437 of 740)
Doing stack analysis for 'invokeCNodeCancelBadgedSends'. (438 of 740)
Doing stack analysis for 'invokeCNodeDelete'. (439 of 740)
Doing stack analysis for 'invokeCNodeInsert'. (440 of 740)
Doing stack analysis for 'invokeCNodeMove'. (441 of 740)
Doing stack analysis for 'invokeCNodeRevoke'. (442 of 740)
Doing stack analysis for 'invokeCNodeRotate'. (443 of 740)
Doing stack analysis for 'invokeCNodeSaveCaller'. (444 of 740)
Doing stack analysis for 'invokeIRQControl'. (445 of 740)
Doing stack analysis for 'invokeIRQHandler_AckIRQ'. (446 of 740)
Doing stack analysis for 'invokeIRQHandler_ClearIRQHandler'. (447 of 740)
Doing stack analysis for 'invokeIRQHandler_SetIRQHandler'. (448 of 740)
Doing stack analysis for 'invokeSetTLSBase'. (449 of 740)
Doing stack analysis for 'invokeTCB_CopyRegisters'. (450 of 740)
Doing stack analysis for 'invokeTCB_NotificationControl'. (451 of 740)
Doing stack analysis for 'invokeTCB_ReadRegisters'. (452 of 740)
Doing stack analysis for 'invokeTCB_Resume'. (453 of 740)
Doing stack analysis for 'invokeTCB_Suspend'. (454 of 740)
Doing stack analysis for 'invokeTCB_ThreadControl'. (455 of 740)
Doing stack analysis for 'invokeTCB_WriteRegisters'. (456 of 740)
Doing stack analysis for 'invokeUntyped_Retype'. (457 of 740)
Doing stack analysis for 'isArchCap'. (458 of 740)
Doing stack analysis for 'isCapRevocable'. (459 of 740)
Doing stack analysis for 'isFinalCapability'. (460 of 740)
Doing stack analysis for 'isHighestPrio'. (461 of 740)
Doing stack analysis for 'isIOSpaceFrameCap'. (462 of 740)
Doing stack analysis for 'isIRQActive'. (463 of 740)
Doing stack analysis for 'isIRQPending'. (464 of 740)
Doing stack analysis for 'isMDBParentOf'. (465 of 740)
Doing stack analysis for 'isRunnable'. (466 of 740)
Doing stack analysis for 'isStopped'. (467 of 740)
Doing stack analysis for 'isValidVTableRoot'. (468 of 740)
Doing stack analysis for 'isValidVTableRoot_fp'. (469 of 740)
Doing stack analysis for 'is_irq_edge_triggered'. (470 of 740)
Doing stack analysis for 'is_reg_empty'. (471 of 740)
Doing stack analysis for 'isb'. (472 of 740)
Doing stack analysis for 'it_alloc_paging'. (473 of 740)
Doing stack analysis for 'l1index_to_prio'. (474 of 740)
Doing stack analysis for 'loadCapTransfer'. (475 of 740)
Doing stack analysis for 'loadHWASID'. (476 of 740)
Doing stack analysis for 'lockTLBEntry'. (477 of 740)
Doing stack analysis for 'lockTLBEntryCritical'. (478 of 740)
Doing stack analysis for 'lookupCap'. (479 of 740)
Doing stack analysis for 'lookupCapAndSlot'. (480 of 740)
Doing stack analysis for 'lookupExtraCaps'. (481 of 740)
Doing stack analysis for 'lookupIPCBuffer'. (482 of 740)
Doing stack analysis for 'lookupPDSlot'. (483 of 740)
Doing stack analysis for 'lookupPTSlot'. (484 of 740)
Doing stack analysis for 'lookupPTSlot_nofail'. (485 of 740)
Doing stack analysis for 'lookupPivotSlot'. (486 of 740)
Doing stack analysis for 'lookupSlot'. (487 of 740)
Doing stack analysis for 'lookupSlotForCNodeOp'. (488 of 740)
Doing stack analysis for 'lookupSourceSlot'. (489 of 740)
Doing stack analysis for 'lookupTargetSlot'. (490 of 740)
Doing stack analysis for 'lookup_fault_depth_mismatch_get_bitsFound'. (491 of 740)
Doing stack analysis for 'lookup_fault_depth_mismatch_get_bitsLeft'. (492 of 740)
Doing stack analysis for 'lookup_fault_depth_mismatch_new'. (493 of 740)
Doing stack analysis for 'lookup_fault_get_lufType'. (494 of 740)
Doing stack analysis for 'lookup_fault_guard_mismatch_get_bitsFound'. (495 of 740)
Doing stack analysis for 'lookup_fault_guard_mismatch_get_bitsLeft'. (496 of 740)
Doing stack analysis for 'lookup_fault_guard_mismatch_get_guardFound'. (497 of 740)
Doing stack analysis for 'lookup_fault_guard_mismatch_new'. (498 of 740)
Doing stack analysis for 'lookup_fault_invalid_root_new'. (499 of 740)
Doing stack analysis for 'lookup_fault_missing_capability_get_bitsLeft'. (500 of 740)
Doing stack analysis for 'lookup_fault_missing_capability_new'. (501 of 740)
Doing stack analysis for 'makeUserPDE'. (502 of 740)
Doing stack analysis for 'makeUserPTE'. (503 of 740)
Doing stack analysis for 'map_it_frame_cap'. (504 of 740)
Doing stack analysis for 'map_it_pt_cap'. (505 of 740)
Doing stack analysis for 'map_kernel_devices'. (506 of 740)
Doing stack analysis for 'map_kernel_frame'. (507 of 740)
Doing stack analysis for 'map_kernel_window'. (508 of 740)
Aborting Problem (Function (map_kernel_window)), complex loop
Doing stack analysis for 'maskCapRights'. (509 of 740)
Doing stack analysis for 'maskInterrupt'. (510 of 740)
Doing stack analysis for 'maskVMRights'. (511 of 740)
Doing stack analysis for 'maybe_alloc_extra_bi'. (512 of 740)
Doing stack analysis for 'mdb_node_get_mdbFirstBadged'. (513 of 740)
Doing stack analysis for 'mdb_node_get_mdbNext'. (514 of 740)
Doing stack analysis for 'mdb_node_get_mdbPrev'. (515 of 740)
Doing stack analysis for 'mdb_node_get_mdbRevocable'. (516 of 740)
Doing stack analysis for 'mdb_node_new'. (517 of 740)
Doing stack analysis for 'mdb_node_ptr_mset_mdbNext_mdbRevocable_mdbFirstBadged'. (518 of 740)
Doing stack analysis for 'mdb_node_ptr_set_mdbFirstBadged'. (519 of 740)
Doing stack analysis for 'mdb_node_ptr_set_mdbNext'. (520 of 740)
Doing stack analysis for 'mdb_node_ptr_set_mdbPrev'. (521 of 740)
Doing stack analysis for 'mdb_node_ptr_set_mdbPrev_np'. (522 of 740)
Doing stack analysis for 'mdb_node_ptr_set_mdbRevocable'. (523 of 740)
Doing stack analysis for 'mdb_node_set_mdbFirstBadged'. (524 of 740)
Doing stack analysis for 'mdb_node_set_mdbPrev'. (525 of 740)
Doing stack analysis for 'mdb_node_set_mdbRevocable'. (526 of 740)
Doing stack analysis for 'memcpy'. (527 of 740)
Doing stack analysis for 'memset'. (528 of 740)
Doing stack analysis for 'memzero'. (529 of 740)
Doing stack analysis for 'merge_regions'. (530 of 740)
Aborting Problem (Function (merge_regions)), complex loop
Doing stack analysis for 'messageInfoFromWord'. (531 of 740)
Doing stack analysis for 'messageInfoFromWord_raw'. (532 of 740)
Doing stack analysis for 'nextDomain'. (533 of 740)
Doing stack analysis for 'notification_ptr_get_ntfnBoundTCB'. (534 of 740)
Doing stack analysis for 'notification_ptr_get_ntfnMsgIdentifier'. (535 of 740)
Doing stack analysis for 'notification_ptr_get_ntfnQueue_head'. (536 of 740)
Doing stack analysis for 'notification_ptr_get_ntfnQueue_tail'. (537 of 740)
Doing stack analysis for 'notification_ptr_get_state'. (538 of 740)
Doing stack analysis for 'notification_ptr_set_ntfnBoundTCB'. (539 of 740)
Doing stack analysis for 'notification_ptr_set_ntfnMsgIdentifier'. (540 of 740)
Doing stack analysis for 'notification_ptr_set_ntfnQueue_head'. (541 of 740)
Doing stack analysis for 'notification_ptr_set_ntfnQueue_tail'. (542 of 740)
Doing stack analysis for 'notification_ptr_set_state'. (543 of 740)
Doing stack analysis for 'ntfn_ptr_get_queue'. (544 of 740)
Doing stack analysis for 'ntfn_ptr_set_queue'. (545 of 740)
Doing stack analysis for 'ntfn_set_active'. (546 of 740)
Doing stack analysis for 'paddr_to_pptr_reg'. (547 of 740)
Doing stack analysis for 'pageBase'. (548 of 740)
Doing stack analysis for 'pageBitsForSize'. (549 of 740)
Doing stack analysis for 'pageTableMapped'. (550 of 740)
Doing stack analysis for 'pdeCheckIfMapped'. (551 of 740)
Doing stack analysis for 'pde_get_pdeType'. (552 of 740)
Doing stack analysis for 'pde_pde_coarse_get_address'. (553 of 740)
Doing stack analysis for 'pde_pde_coarse_new'. (554 of 740)
Doing stack analysis for 'pde_pde_coarse_ptr_get_address'. (555 of 740)
Doing stack analysis for 'pde_pde_invalid_get_stored_asid_valid'. (556 of 740)
Doing stack analysis for 'pde_pde_invalid_get_stored_hw_asid'. (557 of 740)
Doing stack analysis for 'pde_pde_invalid_new'. (558 of 740)
Doing stack analysis for 'pde_pde_section_get_size'. (559 of 740)
Doing stack analysis for 'pde_pde_section_new'. (560 of 740)
Doing stack analysis for 'pde_pde_section_ptr_get_address'. (561 of 740)
Doing stack analysis for 'pde_pde_section_ptr_get_size'. (562 of 740)
Doing stack analysis for 'pde_ptr_get_pdeType'. (563 of 740)
Doing stack analysis for 'performASIDControlInvocation'. (564 of 740)
Doing stack analysis for 'performASIDPoolInvocation'. (565 of 740)
Doing stack analysis for 'performInvocation_Endpoint'. (566 of 740)
Doing stack analysis for 'performInvocation_Notification'. (567 of 740)
Doing stack analysis for 'performInvocation_Reply'. (568 of 740)
Doing stack analysis for 'performPDFlush'. (569 of 740)
Doing stack analysis for 'performPageFlush'. (570 of 740)
Doing stack analysis for 'performPageGetAddress'. (571 of 740)
Doing stack analysis for 'performPageInvocationMapPDE'. (572 of 740)
Doing stack analysis for 'performPageInvocationMapPTE'. (573 of 740)
Doing stack analysis for 'performPageInvocationUnmap'. (574 of 740)
Doing stack analysis for 'performPageTableInvocationMap'. (575 of 740)
Doing stack analysis for 'performPageTableInvocationUnmap'. (576 of 740)
Doing stack analysis for 'plat_cleanCache'. (577 of 740)
Doing stack analysis for 'plat_cleanInvalidateL2Cache'. (578 of 740)
Doing stack analysis for 'plat_cleanInvalidateL2Range'. (579 of 740)
Doing stack analysis for 'plat_cleanL2Range'. (580 of 740)
Doing stack analysis for 'plat_invalidateL2Range'. (581 of 740)
Doing stack analysis for 'populate_bi_frame'. (582 of 740)
Doing stack analysis for 'possibleSwitchTo'. (583 of 740)
Doing stack analysis for 'postCapDeletion'. (584 of 740)
Doing stack analysis for 'pptr_to_paddr_reg'. (585 of 740)
Doing stack analysis for 'preemptionPoint'. (586 of 740)
Doing stack analysis for 'prio_to_l1index'. (587 of 740)
Doing stack analysis for 'provide_cap'. (588 of 740)
Doing stack analysis for 'provide_untyped_cap'. (589 of 740)
Doing stack analysis for 'pteCheckIfMapped'. (590 of 740)
Doing stack analysis for 'pte_get_pteSize'. (591 of 740)
Doing stack analysis for 'pte_get_pteType'. (592 of 740)
Doing stack analysis for 'pte_pte_invalid_new'. (593 of 740)
Doing stack analysis for 'pte_pte_large_get_reserved'. (594 of 740)
Doing stack analysis for 'pte_pte_large_new'. (595 of 740)
Doing stack analysis for 'pte_pte_large_ptr_get_address'. (596 of 740)
Doing stack analysis for 'pte_pte_large_ptr_get_reserved'. (597 of 740)
Doing stack analysis for 'pte_pte_small_new'. (598 of 740)
Doing stack analysis for 'pte_pte_small_ptr_get_address'. (599 of 740)
Doing stack analysis for 'pte_ptr_get_pteSize'. (600 of 740)
Doing stack analysis for 'pte_ptr_get_pteType'. (601 of 740)
Doing stack analysis for 'ptrFromPAddr'. (602 of 740)
Doing stack analysis for 'readCLID'. (603 of 740)
Doing stack analysis for 'readCacheSize'. (604 of 740)
Doing stack analysis for 'readTPIDRURO'. (605 of 740)
Doing stack analysis for 'readTPIDRURW'. (606 of 740)
Doing stack analysis for 'ready_queues_index'. (607 of 740)
Doing stack analysis for 'receiveIPC'. (608 of 740)
Doing stack analysis for 'receiveSignal'. (609 of 740)
Doing stack analysis for 'reduceZombie'. (610 of 740)
Doing stack analysis for 'removeFromBitmap'. (611 of 740)
Doing stack analysis for 'replyFromKernel_error'. (612 of 740)
Doing stack analysis for 'replyFromKernel_success_empty'. (613 of 740)
Doing stack analysis for 'rescheduleRequired'. (614 of 740)
Doing stack analysis for 'reserve_region'. (615 of 740)
Doing stack analysis for 'resetTimer'. (616 of 740)
Doing stack analysis for 'resetUntypedCap'. (617 of 740)
Doing stack analysis for 'resolveAddressBits'. (618 of 740)
Doing stack analysis for 'resolveVAddr'. (619 of 740)
Doing stack analysis for 'restart'. (620 of 740)
Doing stack analysis for 'restore_user_context'. (621 of 740)
Doing stack analysis for 'rightsFromWord'. (622 of 740)
Doing stack analysis for 'rootserver_max_size_bits'. (623 of 740)
Doing stack analysis for 'sameObjectAs'. (624 of 740)
Doing stack analysis for 'sameRegionAs'. (625 of 740)
Doing stack analysis for 'sanitiseRegister'. (626 of 740)
Doing stack analysis for 'schedule'. (627 of 740)
Doing stack analysis for 'scheduleChooseNewThread'. (628 of 740)
Doing stack analysis for 'scheduleTCB'. (629 of 740)
Doing stack analysis for 'seL4_CNode_CapData_get_guard'. (630 of 740)
Doing stack analysis for 'seL4_CNode_CapData_get_guardSize'. (631 of 740)
Doing stack analysis for 'seL4_CapRights_get_capAllowGrant'. (632 of 740)
Doing stack analysis for 'seL4_CapRights_get_capAllowGrantReply'. (633 of 740)
Doing stack analysis for 'seL4_CapRights_get_capAllowRead'. (634 of 740)
Doing stack analysis for 'seL4_CapRights_get_capAllowWrite'. (635 of 740)
Doing stack analysis for 'seL4_Fault_CapFault_get_address'. (636 of 740)
Doing stack analysis for 'seL4_Fault_CapFault_get_inReceivePhase'. (637 of 740)
Doing stack analysis for 'seL4_Fault_CapFault_new'. (638 of 740)
Doing stack analysis for 'seL4_Fault_NullFault_new'. (639 of 740)
Doing stack analysis for 'seL4_Fault_UnknownSyscall_get_syscallNumber'. (640 of 740)
Doing stack analysis for 'seL4_Fault_UnknownSyscall_new'. (641 of 740)
Doing stack analysis for 'seL4_Fault_UserException_get_code'. (642 of 740)
Doing stack analysis for 'seL4_Fault_UserException_get_number'. (643 of 740)
Doing stack analysis for 'seL4_Fault_UserException_new'. (644 of 740)
Doing stack analysis for 'seL4_Fault_VMFault_get_FSR'. (645 of 740)
Doing stack analysis for 'seL4_Fault_VMFault_get_address'. (646 of 740)
Doing stack analysis for 'seL4_Fault_VMFault_get_instructionFault'. (647 of 740)
Doing stack analysis for 'seL4_Fault_VMFault_new'. (648 of 740)
Doing stack analysis for 'seL4_Fault_get_seL4_FaultType'. (649 of 740)
Doing stack analysis for 'seL4_MessageInfo_get_capsUnwrapped'. (650 of 740)
Doing stack analysis for 'seL4_MessageInfo_get_extraCaps'. (651 of 740)
Doing stack analysis for 'seL4_MessageInfo_get_label'. (652 of 740)
Doing stack analysis for 'seL4_MessageInfo_get_length'. (653 of 740)
Doing stack analysis for 'seL4_MessageInfo_new'. (654 of 740)
Doing stack analysis for 'seL4_MessageInfo_set_capsUnwrapped'. (655 of 740)
Doing stack analysis for 'seL4_MessageInfo_set_extraCaps'. (656 of 740)
Doing stack analysis for 'seL4_MessageInfo_set_length'. (657 of 740)
Doing stack analysis for 'sendFaultIPC'. (658 of 740)
Doing stack analysis for 'sendIPC'. (659 of 740)
Doing stack analysis for 'sendSignal'. (660 of 740)
Doing stack analysis for 'setCurrentPD'. (661 of 740)
Doing stack analysis for 'setDomain'. (662 of 740)
Doing stack analysis for 'setExtraBadge'. (663 of 740)
Doing stack analysis for 'setHardwareASID'. (664 of 740)
Doing stack analysis for 'setIRQState'. (665 of 740)
Doing stack analysis for 'setIRQTrigger'. (666 of 740)
Doing stack analysis for 'setKernelStack'. (667 of 740)
Doing stack analysis for 'setMCPriority'. (668 of 740)
Doing stack analysis for 'setMR'. (669 of 740)
Doing stack analysis for 'setMRs_fault'. (670 of 740)
Doing stack analysis for 'setMRs_lookup_failure'. (671 of 740)
Doing stack analysis for 'setMRs_syscall_error'. (672 of 740)
Doing stack analysis for 'setNextPC'. (673 of 740)
Doing stack analysis for 'setPriority'. (674 of 740)
Doing stack analysis for 'setRegister'. (675 of 740)
Doing stack analysis for 'setThreadState'. (676 of 740)
Doing stack analysis for 'setUntypedCapAsFull'. (677 of 740)
Doing stack analysis for 'setVMRoot'. (678 of 740)
Doing stack analysis for 'setVMRootForFlush'. (679 of 740)
Doing stack analysis for 'setupCallerCap'. (680 of 740)
Doing stack analysis for 'setupReplyMaster'. (681 of 740)
Doing stack analysis for 'slotCapLongRunningDelete'. (682 of 740)
Doing stack analysis for 'slowpath'. (683 of 740)
Doing stack analysis for 'storeHWASID'. (684 of 740)
Doing stack analysis for 'str_to_long'. (685 of 740)
Doing stack analysis for 'strlcat'. (686 of 740)
Doing stack analysis for 'strlcpy'. (687 of 740)
Doing stack analysis for 'strncmp'. (688 of 740)
Doing stack analysis for 'strnlen'. (689 of 740)
Doing stack analysis for 'supportsAsyncExceptions'. (690 of 740)
Doing stack analysis for 'suspend'. (691 of 740)
Doing stack analysis for 'switchToIdleThread'. (692 of 740)
Doing stack analysis for 'switchToThread'. (693 of 740)
Doing stack analysis for 'tcbEPAppend'. (694 of 740)
Doing stack analysis for 'tcbEPDequeue'. (695 of 740)
Doing stack analysis for 'tcbSchedAppend'. (696 of 740)
Doing stack analysis for 'tcbSchedDequeue'. (697 of 740)
Doing stack analysis for 'tcbSchedEnqueue'. (698 of 740)
Doing stack analysis for 'thread_state_get_tcbQueued'. (699 of 740)
Doing stack analysis for 'thread_state_get_tsType'. (700 of 740)
Doing stack analysis for 'thread_state_ptr_get_blockingIPCBadge'. (701 of 740)
Doing stack analysis for 'thread_state_ptr_get_blockingIPCCanGrant'. (702 of 740)
Doing stack analysis for 'thread_state_ptr_get_blockingIPCCanGrantReply'. (703 of 740)
Doing stack analysis for 'thread_state_ptr_get_blockingIPCIsCall'. (704 of 740)
Doing stack analysis for 'thread_state_ptr_get_blockingObject'. (705 of 740)
Doing stack analysis for 'thread_state_ptr_get_tsType'. (706 of 740)
Doing stack analysis for 'thread_state_ptr_mset_blockingObject_tsType'. (707 of 740)
Doing stack analysis for 'thread_state_ptr_set_blockingIPCBadge'. (708 of 740)
Doing stack analysis for 'thread_state_ptr_set_blockingIPCCanGrant'. (709 of 740)
Doing stack analysis for 'thread_state_ptr_set_blockingIPCCanGrantReply'. (710 of 740)
Doing stack analysis for 'thread_state_ptr_set_blockingIPCIsCall'. (711 of 740)
Doing stack analysis for 'thread_state_ptr_set_blockingObject'. (712 of 740)
Doing stack analysis for 'thread_state_ptr_set_tcbQueued'. (713 of 740)
Doing stack analysis for 'thread_state_ptr_set_tsType'. (714 of 740)
Doing stack analysis for 'thread_state_ptr_set_tsType_np'. (715 of 740)
Doing stack analysis for 'timerTick'. (716 of 740)
Doing stack analysis for 'transferCaps'. (717 of 740)
Doing stack analysis for 'try_init_kernel'. (718 of 740)
Doing stack analysis for 'unbindMaybeNotification'. (719 of 740)
Doing stack analysis for 'unbindNotification'. (720 of 740)
Doing stack analysis for 'unmapPage'. (721 of 740)
Doing stack analysis for 'unmapPageTable'. (722 of 740)
Doing stack analysis for 'updateCapData'. (723 of 740)
Doing stack analysis for 'updateRestartPC'. (724 of 740)
Doing stack analysis for 'vmAttributesFromWord'. (725 of 740)
Doing stack analysis for 'vmRightsFromWord'. (726 of 740)
Doing stack analysis for 'vm_attributes_get_armExecuteNever'. (727 of 740)
Doing stack analysis for 'vm_attributes_get_armPageCacheable'. (728 of 740)
Doing stack analysis for 'vm_attributes_get_armParityEnabled'. (729 of 740)
Doing stack analysis for 'vm_attributes_new'. (730 of 740)
Doing stack analysis for 'wordFromMessageInfo'. (731 of 740)
Doing stack analysis for 'wordFromVMRights'. (732 of 740)
Doing stack analysis for 'writeContextID'. (733 of 740)
Doing stack analysis for 'writeTPIDRPRW'. (734 of 740)
Doing stack analysis for 'writeTPIDRURO'. (735 of 740)
Doing stack analysis for 'writeTPIDRURW'. (736 of 740)
Doing stack analysis for 'writeTTBR0'. (737 of 740)
Doing stack analysis for 'writeTTBR0Ptr'. (738 of 740)
Doing stack analysis for 'write_it_asid_pool'. (739 of 740)
Doing stack analysis for 'write_slot'. (740 of 740)
Traceback (most recent call last):
  File "/nix/store/b1d0dhfk83ravfjf7hhzpp4kynmmkyh1-source/graph-refine.py", line 31, in <module>
    args = target_objects.load_target_args ()
  File "/nix/store/b1d0dhfk83ravfjf7hhzpp4kynmmkyh1-source/target_objects.py", line 112, in load_target_args
    load_target (target, t_args)
  File "/nix/store/b1d0dhfk83ravfjf7hhzpp4kynmmkyh1-source/target_objects.py", line 89, in load_target
    import target
  File "./target.py", line 52, in <module>
    make_pairings ()
  File "./target.py", line 49, in make_pairings
    new_pairings = stack_logic.mk_stack_pairings (pairs, stack_bounds)
  File "/nix/store/b1d0dhfk83ravfjf7hhzpp4kynmmkyh1-source/stack_logic.py", line 1248, in mk_stack_pairings
    stack_bounds = compute_stack_bounds (quiet = quiet)
  File "/nix/store/b1d0dhfk83ravfjf7hhzpp4kynmmkyh1-source/stack_logic.py", line 1197, in compute_stack_bounds
    bounds = compute_asm_stack_bounds (asm_idents, asm_fs)
  File "/nix/store/b1d0dhfk83ravfjf7hhzpp4kynmmkyh1-source/stack_logic.py", line 828, in compute_asm_stack_bounds
    bounds = compute_recursive_stack_bounds (immed)
  File "/nix/store/b1d0dhfk83ravfjf7hhzpp4kynmmkyh1-source/stack_logic.py", line 790, in compute_recursive_stack_bounds
    assert not immediate_stack_bounds_loop (immed)
AssertionError

real    6m6.211s
user    5m24.064s
sys     0m48.069s
error: builder for '/nix/store/z3jqm4d1sklxiy26xmqxflbi6p6kl5pg-graph-refine-just-stack-bounds.drv' failed with exit code 1;
       last 10 log lines:
       >     bounds = compute_asm_stack_bounds (asm_idents, asm_fs)
       >   File "/nix/store/b1d0dhfk83ravfjf7hhzpp4kynmmkyh1-source/stack_logic.py", line 828, in compute_asm_stack_bounds
       >     bounds = compute_recursive_stack_bounds (immed)
       >   File "/nix/store/b1d0dhfk83ravfjf7hhzpp4kynmmkyh1-source/stack_logic.py", line 790, in compute_recursive_stack_bounds
       >     assert not immediate_stack_bounds_loop (immed)
       > AssertionError
       >
       > real  6m6.211s
       > user  5m24.064s
       > sys  0m48.069s
       For full logs, run 'nix log /nix/store/z3jqm4d1sklxiy26xmqxflbi6p6kl5pg-graph-refine-just-stack-bounds.drv'.
error: 1 dependencies of derivation '/nix/store/k755fq1vvxak9p28ql5ndn6b3gvv5r8b-graph-refine-all-with-new-solverlist.drv' failed to build
